{"meta": {"format": 3, "version": "7.9.2", "timestamp": "2025-07-26T23:13:21.840346", "branch_coverage": false, "show_contexts": false}, "files": {"autopr\\__init__.py": {"executed_lines": [1, 8, 10, 11, 12, 13, 14, 17, 18, 19, 22, 23, 26, 27, 30, 31, 34, 35, 38, 69, 110, 112, 119, 120, 121, 122, 124], "summary": {"covered_lines": 26, "num_statements": 50, "percent_covered": 52.0, "percent_covered_display": "52", "missing_lines": 24, "excluded_lines": 0}, "missing_lines": [113, 131, 132, 133, 134, 136, 144, 145, 148, 149, 150, 152, 153, 154, 155, 156, 159, 162, 164, 179, 187, 189, 190, 191], "excluded_lines": [], "functions": {"configure_logging": {"executed_lines": [], "summary": {"covered_lines": 0, "num_statements": 3, "percent_covered": 0.0, "percent_covered_display": "0", "missing_lines": 3, "excluded_lines": 0}, "missing_lines": [162, 164, 179], "excluded_lines": []}, "": {"executed_lines": [1, 8, 10, 11, 12, 13, 14, 17, 18, 19, 22, 23, 26, 27, 30, 31, 34, 35, 38, 69, 110, 112, 119, 120, 121, 122, 124], "summary": {"covered_lines": 26, "num_statements": 47, "percent_covered": 55.319148936170215, "percent_covered_display": "55", "missing_lines": 21, "excluded_lines": 0}, "missing_lines": [113, 131, 132, 133, 134, 136, 144, 145, 148, 149, 150, 152, 153, 154, 155, 156, 159, 187, 189, 190, 191], "excluded_lines": []}}, "classes": {"": {"executed_lines": [1, 8, 10, 11, 12, 13, 14, 17, 18, 19, 22, 23, 26, 27, 30, 31, 34, 35, 38, 69, 110, 112, 119, 120, 121, 122, 124], "summary": {"covered_lines": 26, "num_statements": 50, "percent_covered": 52.0, "percent_covered_display": "52", "missing_lines": 24, "excluded_lines": 0}, "missing_lines": [113, 131, 132, 133, 134, 136, 144, 145, 148, 149, 150, 152, 153, 154, 155, 156, 159, 162, 164, 179, 187, 189, 190, 191], "excluded_lines": []}}}, "autopr\\actions\\__init__.py": {"executed_lines": [1, 9, 11, 35, 36, 37, 41, 45, 46, 47, 49, 53, 54, 55, 57, 61, 62, 63, 65, 69, 70, 71, 73, 77, 78, 79, 81, 85, 86, 87, 89, 93, 94, 95, 97, 101, 102, 103, 105, 109, 110, 111, 113, 117, 118, 119, 121, 125, 126, 127, 129, 133, 134, 135, 137, 142, 143, 144, 146, 150, 151, 152, 154, 158, 159, 160, 162, 166, 167, 168, 170, 174, 175, 176, 178, 182, 183, 184, 186, 190, 191, 192, 194, 198, 199, 200, 202, 206, 207, 208, 209, 210, 213], "summary": {"covered_lines": 92, "num_statements": 155, "percent_covered": 59.354838709677416, "percent_covered_display": "59", "missing_lines": 63, "excluded_lines": 0}, "missing_lines": [12, 13, 14, 15, 16, 17, 18, 19, 20, 21, 22, 23, 24, 25, 26, 27, 28, 29, 30, 31, 32, 42, 43, 50, 51, 58, 59, 66, 67, 74, 75, 82, 83, 90, 91, 98, 99, 106, 107, 114, 115, 122, 123, 130, 131, 138, 139, 147, 148, 155, 156, 163, 164, 171, 172, 179, 180, 187, 188, 195, 196, 203, 204], "excluded_lines": [], "functions": {"": {"executed_lines": [1, 9, 11, 35, 36, 37, 41, 45, 46, 47, 49, 53, 54, 55, 57, 61, 62, 63, 65, 69, 70, 71, 73, 77, 78, 79, 81, 85, 86, 87, 89, 93, 94, 95, 97, 101, 102, 103, 105, 109, 110, 111, 113, 117, 118, 119, 121, 125, 126, 127, 129, 133, 134, 135, 137, 142, 143, 144, 146, 150, 151, 152, 154, 158, 159, 160, 162, 166, 167, 168, 170, 174, 175, 176, 178, 182, 183, 184, 186, 190, 191, 192, 194, 198, 199, 200, 202, 206, 207, 208, 209, 210, 213], "summary": {"covered_lines": 92, "num_statements": 155, "percent_covered": 59.354838709677416, "percent_covered_display": "59", "missing_lines": 63, "excluded_lines": 0}, "missing_lines": [12, 13, 14, 15, 16, 17, 18, 19, 20, 21, 22, 23, 24, 25, 26, 27, 28, 29, 30, 31, 32, 42, 43, 50, 51, 58, 59, 66, 67, 74, 75, 82, 83, 90, 91, 98, 99, 106, 107, 114, 115, 122, 123, 130, 131, 138, 139, 147, 148, 155, 156, 163, 164, 171, 172, 179, 180, 187, 188, 195, 196, 203, 204], "excluded_lines": []}}, "classes": {"": {"executed_lines": [1, 9, 11, 35, 36, 37, 41, 45, 46, 47, 49, 53, 54, 55, 57, 61, 62, 63, 65, 69, 70, 71, 73, 77, 78, 79, 81, 85, 86, 87, 89, 93, 94, 95, 97, 101, 102, 103, 105, 109, 110, 111, 113, 117, 118, 119, 121, 125, 126, 127, 129, 133, 134, 135, 137, 142, 143, 144, 146, 150, 151, 152, 154, 158, 159, 160, 162, 166, 167, 168, 170, 174, 175, 176, 178, 182, 183, 184, 186, 190, 191, 192, 194, 198, 199, 200, 202, 206, 207, 208, 209, 210, 213], "summary": {"covered_lines": 92, "num_statements": 155, "percent_covered": 59.354838709677416, "percent_covered_display": "59", "missing_lines": 63, "excluded_lines": 0}, "missing_lines": [12, 13, 14, 15, 16, 17, 18, 19, 20, 21, 22, 23, 24, 25, 26, 27, 28, 29, 30, 31, 32, 42, 43, 50, 51, 58, 59, 66, 67, 74, 75, 82, 83, 90, 91, 98, 99, 106, 107, 114, 115, 122, 123, 130, 131, 138, 139, 147, 148, 155, 156, 163, 164, 171, 172, 179, 180, 187, 188, 195, 196, 203, 204], "excluded_lines": []}}}, "autopr\\actions\\ai_comment_analyzer.py": {"executed_lines": [1, 6, 7, 8, 9, 10, 11, 14, 15, 16, 17, 18, 19, 22, 23, 24, 25, 26, 27, 28, 29, 30, 33, 97, 123, 124, 126, 133], "summary": {"covered_lines": 26, "num_statements": 50, "percent_covered": 52.0, "percent_covered_display": "52", "missing_lines": 24, "excluded_lines": 0}, "missing_lines": [41, 43, 54, 74, 75, 85, 86, 87, 88, 90, 92, 94, 99, 102, 103, 104, 105, 106, 107, 109, 110, 112, 127, 137], "excluded_lines": [], "functions": {"analyze_comment_with_ai": {"executed_lines": [], "summary": {"covered_lines": 0, "num_statements": 12, "percent_covered": 0.0, "percent_covered_display": "0", "missing_lines": 12, "excluded_lines": 0}, "missing_lines": [41, 43, 54, 74, 75, 85, 86, 87, 88, 90, 92, 94], "excluded_lines": []}, "fallback_analysis": {"executed_lines": [], "summary": {"covered_lines": 0, "num_statements": 10, "percent_covered": 0.0, "percent_covered_display": "0", "missing_lines": 10, "excluded_lines": 0}, "missing_lines": [99, 102, 103, 104, 105, 106, 107, 109, 110, 112], "excluded_lines": []}, "AICommentAnalyzer.__init__": {"executed_lines": [], "summary": {"covered_lines": 0, "num_statements": 1, "percent_covered": 0.0, "percent_covered_display": "0", "missing_lines": 1, "excluded_lines": 0}, "missing_lines": [127], "excluded_lines": []}, "AICommentAnalyzer.execute": {"executed_lines": [], "summary": {"covered_lines": 0, "num_statements": 1, "percent_covered": 0.0, "percent_covered_display": "0", "missing_lines": 1, "excluded_lines": 0}, "missing_lines": [137], "excluded_lines": []}, "": {"executed_lines": [1, 6, 7, 8, 9, 10, 11, 14, 15, 16, 17, 18, 19, 22, 23, 24, 25, 26, 27, 28, 29, 30, 33, 97, 123, 124, 126, 133], "summary": {"covered_lines": 26, "num_statements": 26, "percent_covered": 100.0, "percent_covered_display": "100", "missing_lines": 0, "excluded_lines": 0}, "missing_lines": [], "excluded_lines": []}}, "classes": {"AICommentAnalysisInputs": {"executed_lines": [], "summary": {"covered_lines": 0, "num_statements": 0, "percent_covered": 100.0, "percent_covered_display": "100", "missing_lines": 0, "excluded_lines": 0}, "missing_lines": [], "excluded_lines": []}, "AICommentAnalysisOutputs": {"executed_lines": [], "summary": {"covered_lines": 0, "num_statements": 0, "percent_covered": 100.0, "percent_covered_display": "100", "missing_lines": 0, "excluded_lines": 0}, "missing_lines": [], "excluded_lines": []}, "AICommentAnalyzer": {"executed_lines": [], "summary": {"covered_lines": 0, "num_statements": 2, "percent_covered": 0.0, "percent_covered_display": "0", "missing_lines": 2, "excluded_lines": 0}, "missing_lines": [127, 137], "excluded_lines": []}, "": {"executed_lines": [1, 6, 7, 8, 9, 10, 11, 14, 15, 16, 17, 18, 19, 22, 23, 24, 25, 26, 27, 28, 29, 30, 33, 97, 123, 124, 126, 133], "summary": {"covered_lines": 26, "num_statements": 48, "percent_covered": 54.166666666666664, "percent_covered_display": "54", "missing_lines": 22, "excluded_lines": 0}, "missing_lines": [41, 43, 54, 74, 75, 85, 86, 87, 88, 90, 92, 94, 99, 102, 103, 104, 105, 106, 107, 109, 110, 112], "excluded_lines": []}}}, "autopr\\actions\\analyze_console_logs.py": {"executed_lines": [], "summary": {"covered_lines": 0, "num_statements": 30, "percent_covered": 0.0, "percent_covered_display": "0", "missing_lines": 30, "excluded_lines": 8}, "missing_lines": [1, 2, 3, 4, 5, 8, 9, 10, 11, 14, 15, 18, 23, 25, 26, 27, 29, 31, 33, 35, 36, 38, 40, 41, 42, 43, 44, 51, 52, 54], "excluded_lines": [57, 58, 59, 62, 63, 64, 65, 66], "functions": {"AnalyzeConsoleLogs.run": {"executed_lines": [], "summary": {"covered_lines": 0, "num_statements": 16, "percent_covered": 0.0, "percent_covered_display": "0", "missing_lines": 16, "excluded_lines": 0}, "missing_lines": [26, 27, 29, 31, 33, 35, 36, 38, 40, 41, 42, 43, 44, 51, 52, 54], "excluded_lines": []}, "": {"executed_lines": [], "summary": {"covered_lines": 0, "num_statements": 14, "percent_covered": 0.0, "percent_covered_display": "0", "missing_lines": 14, "excluded_lines": 8}, "missing_lines": [1, 2, 3, 4, 5, 8, 9, 10, 11, 14, 15, 18, 23, 25], "excluded_lines": [57, 58, 59, 62, 63, 64, 65, 66]}}, "classes": {"Inputs": {"executed_lines": [], "summary": {"covered_lines": 0, "num_statements": 0, "percent_covered": 100.0, "percent_covered_display": "100", "missing_lines": 0, "excluded_lines": 0}, "missing_lines": [], "excluded_lines": []}, "Outputs": {"executed_lines": [], "summary": {"covered_lines": 0, "num_statements": 0, "percent_covered": 100.0, "percent_covered_display": "100", "missing_lines": 0, "excluded_lines": 0}, "missing_lines": [], "excluded_lines": []}, "AnalyzeConsoleLogs": {"executed_lines": [], "summary": {"covered_lines": 0, "num_statements": 16, "percent_covered": 0.0, "percent_covered_display": "0", "missing_lines": 16, "excluded_lines": 0}, "missing_lines": [26, 27, 29, 31, 33, 35, 36, 38, 40, 41, 42, 43, 44, 51, 52, 54], "excluded_lines": []}, "": {"executed_lines": [], "summary": {"covered_lines": 0, "num_statements": 14, "percent_covered": 0.0, "percent_covered_display": "0", "missing_lines": 14, "excluded_lines": 8}, "missing_lines": [1, 2, 3, 4, 5, 8, 9, 10, 11, 14, 15, 18, 23, 25], "excluded_lines": [57, 58, 59, 62, 63, 64, 65, 66]}}}, "autopr\\actions\\apply_git_patch.py": {"executed_lines": [1, 2, 3, 6, 7, 10, 11, 12, 15, 16, 20, 22, 32], "summary": {"covered_lines": 11, "num_statements": 16, "percent_covered": 68.75, "percent_covered_display": "69", "missing_lines": 5, "excluded_lines": 4}, "missing_lines": [23, 24, 27, 28, 29], "excluded_lines": [32, 33, 34, 36], "functions": {"ApplyGitPatch.run": {"executed_lines": [], "summary": {"covered_lines": 0, "num_statements": 5, "percent_covered": 0.0, "percent_covered_display": "0", "missing_lines": 5, "excluded_lines": 0}, "missing_lines": [23, 24, 27, 28, 29], "excluded_lines": []}, "": {"executed_lines": [1, 2, 3, 6, 7, 10, 11, 12, 15, 16, 20, 22, 32], "summary": {"covered_lines": 11, "num_statements": 11, "percent_covered": 100.0, "percent_covered_display": "100", "missing_lines": 0, "excluded_lines": 4}, "missing_lines": [], "excluded_lines": [32, 33, 34, 36]}}, "classes": {"Inputs": {"executed_lines": [], "summary": {"covered_lines": 0, "num_statements": 0, "percent_covered": 100.0, "percent_covered_display": "100", "missing_lines": 0, "excluded_lines": 0}, "missing_lines": [], "excluded_lines": []}, "Outputs": {"executed_lines": [], "summary": {"covered_lines": 0, "num_statements": 0, "percent_covered": 100.0, "percent_covered_display": "100", "missing_lines": 0, "excluded_lines": 0}, "missing_lines": [], "excluded_lines": []}, "ApplyGitPatch": {"executed_lines": [], "summary": {"covered_lines": 0, "num_statements": 5, "percent_covered": 0.0, "percent_covered_display": "0", "missing_lines": 5, "excluded_lines": 0}, "missing_lines": [23, 24, 27, 28, 29], "excluded_lines": []}, "": {"executed_lines": [1, 2, 3, 6, 7, 10, 11, 12, 15, 16, 20, 22, 32], "summary": {"covered_lines": 11, "num_statements": 11, "percent_covered": 100.0, "percent_covered_display": "100", "missing_lines": 0, "excluded_lines": 4}, "missing_lines": [], "excluded_lines": [32, 33, 34, 36]}}}, "autopr\\actions\\autogen_implementation.py": {"executed_lines": [1, 6, 7, 8, 9, 10, 12, 13, 17, 18, 20, 21, 22, 25, 26, 27, 28, 29, 30, 31, 32, 35, 36, 37, 40, 43, 44, 45, 46, 47, 50, 51, 78, 126, 267, 302, 341, 385, 400, 428, 455, 466, 495, 541, 558, 566], "summary": {"covered_lines": 44, "num_statements": 180, "percent_covered": 24.444444444444443, "percent_covered_display": "24", "missing_lines": 136, "excluded_lines": 4}, "missing_lines": [14, 16, 52, 53, 57, 65, 81, 82, 93, 95, 98, 106, 109, 112, 114, 115, 131, 134, 155, 158, 180, 183, 184, 207, 209, 213, 236, 239, 240, 263, 265, 273, 276, 278, 280, 282, 287, 289, 295, 296, 305, 339, 346, 347, 358, 361, 362, 363, 364, 367, 372, 374, 387, 389, 390, 391, 392, 394, 402, 404, 405, 408, 410, 412, 418, 420, 421, 422, 424, 426, 430, 432, 433, 435, 436, 438, 444, 445, 450, 451, 453, 457, 459, 460, 461, 462, 464, 470, 473, 479, 480, 481, 482, 485, 486, 489, 490, 491, 493, 499, 500, 503, 504, 505, 506, 509, 510, 513, 514, 515, 516, 517, 518, 519, 520, 521, 524, 525, 527, 528, 529, 530, 531, 534, 535, 536, 537, 539, 543, 545, 546, 554, 560, 561, 562, 563], "excluded_lines": [566, 568, 582, 583], "functions": {"AutoGenImplementation.__init__": {"executed_lines": [], "summary": {"covered_lines": 0, "num_statements": 4, "percent_covered": 0.0, "percent_covered_display": "0", "missing_lines": 4, "excluded_lines": 0}, "missing_lines": [52, 53, 57, 65], "excluded_lines": []}, "AutoGenImplementation.execute_multi_agent_task": {"executed_lines": [], "summary": {"covered_lines": 0, "num_statements": 10, "percent_covered": 0.0, "percent_covered_display": "0", "missing_lines": 10, "excluded_lines": 0}, "missing_lines": [81, 82, 93, 95, 98, 106, 109, 112, 114, 115], "excluded_lines": []}, "AutoGenImplementation._create_agents": {"executed_lines": [], "summary": {"covered_lines": 0, "num_statements": 15, "percent_covered": 0.0, "percent_covered_display": "0", "missing_lines": 15, "excluded_lines": 0}, "missing_lines": [131, 134, 155, 158, 180, 183, 184, 207, 209, 213, 236, 239, 240, 263, 265], "excluded_lines": []}, "AutoGenImplementation._execute_conversation": {"executed_lines": [], "summary": {"covered_lines": 0, "num_statements": 9, "percent_covered": 0.0, "percent_covered_display": "0", "missing_lines": 9, "excluded_lines": 0}, "missing_lines": [273, 276, 278, 280, 282, 287, 289, 295, 296], "excluded_lines": []}, "AutoGenImplementation._create_task_message": {"executed_lines": [], "summary": {"covered_lines": 0, "num_statements": 2, "percent_covered": 0.0, "percent_covered_display": "0", "missing_lines": 2, "excluded_lines": 0}, "missing_lines": [305, 339], "excluded_lines": []}, "AutoGenImplementation._process_results": {"executed_lines": [], "summary": {"covered_lines": 0, "num_statements": 10, "percent_covered": 0.0, "percent_covered_display": "0", "missing_lines": 10, "excluded_lines": 0}, "missing_lines": [346, 347, 358, 361, 362, 363, 364, 367, 372, 374], "excluded_lines": []}, "AutoGenImplementation._extract_implementation_plan": {"executed_lines": [], "summary": {"covered_lines": 0, "num_statements": 6, "percent_covered": 0.0, "percent_covered_display": "0", "missing_lines": 6, "excluded_lines": 0}, "missing_lines": [387, 389, 390, 391, 392, 394], "excluded_lines": []}, "AutoGenImplementation._extract_code_changes": {"executed_lines": [], "summary": {"covered_lines": 0, "num_statements": 12, "percent_covered": 0.0, "percent_covered_display": "0", "missing_lines": 12, "excluded_lines": 0}, "missing_lines": [402, 404, 405, 408, 410, 412, 418, 420, 421, 422, 424, 426], "excluded_lines": []}, "AutoGenImplementation._extract_test_files": {"executed_lines": [], "summary": {"covered_lines": 0, "num_statements": 11, "percent_covered": 0.0, "percent_covered_display": "0", "missing_lines": 11, "excluded_lines": 0}, "missing_lines": [430, 432, 433, 435, 436, 438, 444, 445, 450, 451, 453], "excluded_lines": []}, "AutoGenImplementation._extract_documentation": {"executed_lines": [], "summary": {"covered_lines": 0, "num_statements": 6, "percent_covered": 0.0, "percent_covered_display": "0", "missing_lines": 6, "excluded_lines": 0}, "missing_lines": [457, 459, 460, 461, 462, 464], "excluded_lines": []}, "AutoGenImplementation._extract_filename_from_context": {"executed_lines": [], "summary": {"covered_lines": 0, "num_statements": 12, "percent_covered": 0.0, "percent_covered_display": "0", "missing_lines": 12, "excluded_lines": 0}, "missing_lines": [470, 473, 479, 480, 481, 482, 485, 486, 489, 490, 491, 493], "excluded_lines": []}, "AutoGenImplementation._calculate_quality_score": {"executed_lines": [], "summary": {"covered_lines": 0, "num_statements": 29, "percent_covered": 0.0, "percent_covered_display": "0", "missing_lines": 29, "excluded_lines": 0}, "missing_lines": [499, 500, 503, 504, 505, 506, 509, 510, 513, 514, 515, 516, 517, 518, 519, 520, 521, 524, 525, 527, 528, 529, 530, 531, 534, 535, 536, 537, 539], "excluded_lines": []}, "AutoGenImplementation._format_conversations": {"executed_lines": [], "summary": {"covered_lines": 0, "num_statements": 4, "percent_covered": 0.0, "percent_covered_display": "0", "missing_lines": 4, "excluded_lines": 0}, "missing_lines": [543, 545, 546, 554], "excluded_lines": []}, "run": {"executed_lines": [], "summary": {"covered_lines": 0, "num_statements": 4, "percent_covered": 0.0, "percent_covered_display": "0", "missing_lines": 4, "excluded_lines": 0}, "missing_lines": [560, 561, 562, 563], "excluded_lines": []}, "": {"executed_lines": [1, 6, 7, 8, 9, 10, 12, 13, 17, 18, 20, 21, 22, 25, 26, 27, 28, 29, 30, 31, 32, 35, 36, 37, 40, 43, 44, 45, 46, 47, 50, 51, 78, 126, 267, 302, 341, 385, 400, 428, 455, 466, 495, 541, 558, 566], "summary": {"covered_lines": 44, "num_statements": 46, "percent_covered": 95.65217391304348, "percent_covered_display": "96", "missing_lines": 2, "excluded_lines": 4}, "missing_lines": [14, 16], "excluded_lines": [566, 568, 582, 583]}}, "classes": {"AutoGenInputs": {"executed_lines": [], "summary": {"covered_lines": 0, "num_statements": 0, "percent_covered": 100.0, "percent_covered_display": "100", "missing_lines": 0, "excluded_lines": 0}, "missing_lines": [], "excluded_lines": []}, "AutoGenOutputs": {"executed_lines": [], "summary": {"covered_lines": 0, "num_statements": 0, "percent_covered": 100.0, "percent_covered_display": "100", "missing_lines": 0, "excluded_lines": 0}, "missing_lines": [], "excluded_lines": []}, "AutoGenImplementation": {"executed_lines": [], "summary": {"covered_lines": 0, "num_statements": 130, "percent_covered": 0.0, "percent_covered_display": "0", "missing_lines": 130, "excluded_lines": 0}, "missing_lines": [52, 53, 57, 65, 81, 82, 93, 95, 98, 106, 109, 112, 114, 115, 131, 134, 155, 158, 180, 183, 184, 207, 209, 213, 236, 239, 240, 263, 265, 273, 276, 278, 280, 282, 287, 289, 295, 296, 305, 339, 346, 347, 358, 361, 362, 363, 364, 367, 372, 374, 387, 389, 390, 391, 392, 394, 402, 404, 405, 408, 410, 412, 418, 420, 421, 422, 424, 426, 430, 432, 433, 435, 436, 438, 444, 445, 450, 451, 453, 457, 459, 460, 461, 462, 464, 470, 473, 479, 480, 481, 482, 485, 486, 489, 490, 491, 493, 499, 500, 503, 504, 505, 506, 509, 510, 513, 514, 515, 516, 517, 518, 519, 520, 521, 524, 525, 527, 528, 529, 530, 531, 534, 535, 536, 537, 539, 543, 545, 546, 554], "excluded_lines": []}, "": {"executed_lines": [1, 6, 7, 8, 9, 10, 12, 13, 17, 18, 20, 21, 22, 25, 26, 27, 28, 29, 30, 31, 32, 35, 36, 37, 40, 43, 44, 45, 46, 47, 50, 51, 78, 126, 267, 302, 341, 385, 400, 428, 455, 466, 495, 541, 558, 566], "summary": {"covered_lines": 44, "num_statements": 50, "percent_covered": 88.0, "percent_covered_display": "88", "missing_lines": 6, "excluded_lines": 4}, "missing_lines": [14, 16, 560, 561, 562, 563], "excluded_lines": [566, 568, 582, 583]}}}, "autopr\\actions\\autogen_multi_agent.py": {"executed_lines": [1, 6, 7, 8, 9, 11, 12, 16, 17, 19, 20, 21, 24, 25, 26, 27, 28, 29, 32, 35, 36, 37, 38, 39, 40, 41, 42, 45, 46, 56, 133, 196, 234, 273, 314, 350, 375, 387, 399, 400, 403, 411], "summary": {"covered_lines": 41, "num_statements": 145, "percent_covered": 28.275862068965516, "percent_covered_display": "28", "missing_lines": 104, "excluded_lines": 0}, "missing_lines": [13, 15, 47, 48, 52, 53, 54, 60, 74, 89, 104, 119, 135, 137, 156, 163, 167, 170, 173, 181, 184, 189, 191, 192, 198, 199, 213, 219, 221, 223, 227, 229, 230, 236, 237, 251, 258, 260, 262, 266, 268, 269, 278, 280, 282, 285, 286, 287, 288, 293, 294, 297, 298, 300, 309, 310, 318, 326, 327, 336, 337, 338, 341, 342, 343, 344, 346, 348, 354, 356, 357, 360, 365, 366, 367, 371, 373, 377, 378, 380, 381, 382, 383, 385, 389, 390, 394, 396, 401, 405, 406, 408, 413, 414, 419, 421, 434, 437, 438, 439, 440, 442, 444, 445], "excluded_lines": [], "functions": {"AutoGenAgentSystem.__init__": {"executed_lines": [], "summary": {"covered_lines": 0, "num_statements": 5, "percent_covered": 0.0, "percent_covered_display": "0", "missing_lines": 5, "excluded_lines": 0}, "missing_lines": [47, 48, 52, 53, 54], "excluded_lines": []}, "AutoGenAgentSystem._initialize_agents": {"executed_lines": [], "summary": {"covered_lines": 0, "num_statements": 5, "percent_covered": 0.0, "percent_covered_display": "0", "missing_lines": 5, "excluded_lines": 0}, "missing_lines": [60, 74, 89, 104, 119], "excluded_lines": []}, "AutoGenAgentSystem.analyze_and_fix_comment": {"executed_lines": [], "summary": {"covered_lines": 0, "num_statements": 12, "percent_covered": 0.0, "percent_covered_display": "0", "missing_lines": 12, "excluded_lines": 0}, "missing_lines": [135, 137, 156, 163, 167, 170, 173, 181, 184, 189, 191, 192], "excluded_lines": []}, "AutoGenAgentSystem.security_audit_workflow": {"executed_lines": [], "summary": {"covered_lines": 0, "num_statements": 9, "percent_covered": 0.0, "percent_covered_display": "0", "missing_lines": 9, "excluded_lines": 0}, "missing_lines": [198, 199, 213, 219, 221, 223, 227, 229, 230], "excluded_lines": []}, "AutoGenAgentSystem.code_review_workflow": {"executed_lines": [], "summary": {"covered_lines": 0, "num_statements": 9, "percent_covered": 0.0, "percent_covered_display": "0", "missing_lines": 9, "excluded_lines": 0}, "missing_lines": [236, 237, 251, 258, 260, 262, 266, 268, 269], "excluded_lines": []}, "AutoGenAgentSystem._extract_results_from_chat": {"executed_lines": [], "summary": {"covered_lines": 0, "num_statements": 14, "percent_covered": 0.0, "percent_covered_display": "0", "missing_lines": 14, "excluded_lines": 0}, "missing_lines": [278, 280, 282, 285, 286, 287, 288, 293, 294, 297, 298, 300, 309, 310], "excluded_lines": []}, "AutoGenAgentSystem._analyze_conversations": {"executed_lines": [], "summary": {"covered_lines": 0, "num_statements": 12, "percent_covered": 0.0, "percent_covered_display": "0", "missing_lines": 12, "excluded_lines": 0}, "missing_lines": [318, 326, 327, 336, 337, 338, 341, 342, 343, 344, 346, 348], "excluded_lines": []}, "AutoGenAgentSystem._extract_recommendations": {"executed_lines": [], "summary": {"covered_lines": 0, "num_statements": 9, "percent_covered": 0.0, "percent_covered_display": "0", "missing_lines": 9, "excluded_lines": 0}, "missing_lines": [354, 356, 357, 360, 365, 366, 367, 371, 373], "excluded_lines": []}, "AutoGenAgentSystem._extract_fix_code": {"executed_lines": [], "summary": {"covered_lines": 0, "num_statements": 7, "percent_covered": 0.0, "percent_covered_display": "0", "missing_lines": 7, "excluded_lines": 0}, "missing_lines": [377, 378, 380, 381, 382, 383, 385], "excluded_lines": []}, "AutoGenAgentSystem._extract_consensus": {"executed_lines": [], "summary": {"covered_lines": 0, "num_statements": 4, "percent_covered": 0.0, "percent_covered_display": "0", "missing_lines": 4, "excluded_lines": 0}, "missing_lines": [389, 390, 394, 396], "excluded_lines": []}, "AutoGenMultiAgent.__init__": {"executed_lines": [], "summary": {"covered_lines": 0, "num_statements": 1, "percent_covered": 0.0, "percent_covered_display": "0", "missing_lines": 1, "excluded_lines": 0}, "missing_lines": [401], "excluded_lines": []}, "AutoGenMultiAgent.run": {"executed_lines": [], "summary": {"covered_lines": 0, "num_statements": 3, "percent_covered": 0.0, "percent_covered_display": "0", "missing_lines": 3, "excluded_lines": 0}, "missing_lines": [405, 406, 408], "excluded_lines": []}, "autogen_multi_agent_action": {"executed_lines": [], "summary": {"covered_lines": 0, "num_statements": 12, "percent_covered": 0.0, "percent_covered_display": "0", "missing_lines": 12, "excluded_lines": 0}, "missing_lines": [413, 414, 419, 421, 434, 437, 438, 439, 440, 442, 444, 445], "excluded_lines": []}, "": {"executed_lines": [1, 6, 7, 8, 9, 11, 12, 16, 17, 19, 20, 21, 24, 25, 26, 27, 28, 29, 32, 35, 36, 37, 38, 39, 40, 41, 42, 45, 46, 56, 133, 196, 234, 273, 314, 350, 375, 387, 399, 400, 403, 411], "summary": {"covered_lines": 41, "num_statements": 43, "percent_covered": 95.34883720930233, "percent_covered_display": "95", "missing_lines": 2, "excluded_lines": 0}, "missing_lines": [13, 15], "excluded_lines": []}}, "classes": {"AutoGenInputs": {"executed_lines": [], "summary": {"covered_lines": 0, "num_statements": 0, "percent_covered": 100.0, "percent_covered_display": "100", "missing_lines": 0, "excluded_lines": 0}, "missing_lines": [], "excluded_lines": []}, "AutoGenOutputs": {"executed_lines": [], "summary": {"covered_lines": 0, "num_statements": 0, "percent_covered": 100.0, "percent_covered_display": "100", "missing_lines": 0, "excluded_lines": 0}, "missing_lines": [], "excluded_lines": []}, "AutoGenAgentSystem": {"executed_lines": [], "summary": {"covered_lines": 0, "num_statements": 86, "percent_covered": 0.0, "percent_covered_display": "0", "missing_lines": 86, "excluded_lines": 0}, "missing_lines": [47, 48, 52, 53, 54, 60, 74, 89, 104, 119, 135, 137, 156, 163, 167, 170, 173, 181, 184, 189, 191, 192, 198, 199, 213, 219, 221, 223, 227, 229, 230, 236, 237, 251, 258, 260, 262, 266, 268, 269, 278, 280, 282, 285, 286, 287, 288, 293, 294, 297, 298, 300, 309, 310, 318, 326, 327, 336, 337, 338, 341, 342, 343, 344, 346, 348, 354, 356, 357, 360, 365, 366, 367, 371, 373, 377, 378, 380, 381, 382, 383, 385, 389, 390, 394, 396], "excluded_lines": []}, "AutoGenMultiAgent": {"executed_lines": [], "summary": {"covered_lines": 0, "num_statements": 4, "percent_covered": 0.0, "percent_covered_display": "0", "missing_lines": 4, "excluded_lines": 0}, "missing_lines": [401, 405, 406, 408], "excluded_lines": []}, "": {"executed_lines": [1, 6, 7, 8, 9, 11, 12, 16, 17, 19, 20, 21, 24, 25, 26, 27, 28, 29, 32, 35, 36, 37, 38, 39, 40, 41, 42, 45, 46, 56, 133, 196, 234, 273, 314, 350, 375, 387, 399, 400, 403, 411], "summary": {"covered_lines": 41, "num_statements": 55, "percent_covered": 74.54545454545455, "percent_covered_display": "75", "missing_lines": 14, "excluded_lines": 0}, "missing_lines": [13, 15, 413, 414, 419, 421, 434, 437, 438, 439, 440, 442, 444, 445], "excluded_lines": []}}}, "autopr\\actions\\base.py": {"executed_lines": [1, 7, 8, 9, 10, 12, 15, 16, 19, 20, 21, 27, 31, 32, 37, 38, 39, 45, 46, 47, 49, 53, 62, 63, 70, 85, 86, 99, 112, 125, 138, 152, 170, 182, 194, 211, 214, 218, 219, 225, 230, 250, 251, 257, 261], "summary": {"covered_lines": 36, "num_statements": 62, "percent_covered": 58.064516129032256, "percent_covered_display": "58", "missing_lines": 26, "excluded_lines": 15}, "missing_lines": [29, 34, 50, 51, 55, 79, 80, 81, 82, 83, 110, 123, 136, 146, 160, 180, 192, 201, 212, 226, 227, 228, 240, 258, 259, 271], "excluded_lines": [85, 86, 87, 88, 89, 90, 91, 92, 93, 94, 95, 96, 97, 214, 215], "functions": {"ActionInputs.to_dict": {"executed_lines": [], "summary": {"covered_lines": 0, "num_statements": 1, "percent_covered": 0.0, "percent_covered_display": "0", "missing_lines": 1, "excluded_lines": 0}, "missing_lines": [29], "excluded_lines": []}, "ActionInputs.from_dict": {"executed_lines": [], "summary": {"covered_lines": 0, "num_statements": 1, "percent_covered": 0.0, "percent_covered_display": "0", "missing_lines": 1, "excluded_lines": 0}, "missing_lines": [34], "excluded_lines": []}, "ActionOutputs.__post_init__": {"executed_lines": [], "summary": {"covered_lines": 0, "num_statements": 2, "percent_covered": 0.0, "percent_covered_display": "0", "missing_lines": 2, "excluded_lines": 0}, "missing_lines": [50, 51], "excluded_lines": []}, "ActionOutputs.to_dict": {"executed_lines": [], "summary": {"covered_lines": 0, "num_statements": 1, "percent_covered": 0.0, "percent_covered_display": "0", "missing_lines": 1, "excluded_lines": 0}, "missing_lines": [55], "excluded_lines": []}, "Action.__init__": {"executed_lines": [], "summary": {"covered_lines": 0, "num_statements": 5, "percent_covered": 0.0, "percent_covered_display": "0", "missing_lines": 5, "excluded_lines": 0}, "missing_lines": [79, 80, 81, 82, 83], "excluded_lines": []}, "Action.execute": {"executed_lines": [], "summary": {"covered_lines": 0, "num_statements": 0, "percent_covered": 100.0, "percent_covered_display": "100", "missing_lines": 0, "excluded_lines": 11}, "missing_lines": [], "excluded_lines": [87, 88, 89, 90, 91, 92, 93, 94, 95, 96, 97]}, "Action.validate_inputs": {"executed_lines": [], "summary": {"covered_lines": 0, "num_statements": 1, "percent_covered": 0.0, "percent_covered_display": "0", "missing_lines": 1, "excluded_lines": 0}, "missing_lines": [110], "excluded_lines": []}, "Action.validate_outputs": {"executed_lines": [], "summary": {"covered_lines": 0, "num_statements": 1, "percent_covered": 0.0, "percent_covered_display": "0", "missing_lines": 1, "excluded_lines": 0}, "missing_lines": [123], "excluded_lines": []}, "Action.run": {"executed_lines": [], "summary": {"covered_lines": 0, "num_statements": 1, "percent_covered": 0.0, "percent_covered_display": "0", "missing_lines": 1, "excluded_lines": 0}, "missing_lines": [136], "excluded_lines": []}, "Action.get_input_schema": {"executed_lines": [], "summary": {"covered_lines": 0, "num_statements": 1, "percent_covered": 0.0, "percent_covered_display": "0", "missing_lines": 1, "excluded_lines": 0}, "missing_lines": [146], "excluded_lines": []}, "Action.get_output_schema": {"executed_lines": [], "summary": {"covered_lines": 0, "num_statements": 1, "percent_covered": 0.0, "percent_covered_display": "0", "missing_lines": 1, "excluded_lines": 0}, "missing_lines": [160], "excluded_lines": []}, "Action.supports_platform": {"executed_lines": [], "summary": {"covered_lines": 0, "num_statements": 1, "percent_covered": 0.0, "percent_covered_display": "0", "missing_lines": 1, "excluded_lines": 0}, "missing_lines": [180], "excluded_lines": []}, "Action.requires_permission": {"executed_lines": [], "summary": {"covered_lines": 0, "num_statements": 1, "percent_covered": 0.0, "percent_covered_display": "0", "missing_lines": 1, "excluded_lines": 0}, "missing_lines": [192], "excluded_lines": []}, "Action.get_metadata": {"executed_lines": [], "summary": {"covered_lines": 0, "num_statements": 1, "percent_covered": 0.0, "percent_covered_display": "0", "missing_lines": 1, "excluded_lines": 0}, "missing_lines": [201], "excluded_lines": []}, "Action.__str__": {"executed_lines": [], "summary": {"covered_lines": 0, "num_statements": 1, "percent_covered": 0.0, "percent_covered_display": "0", "missing_lines": 1, "excluded_lines": 0}, "missing_lines": [212], "excluded_lines": []}, "Action.__repr__": {"executed_lines": [], "summary": {"covered_lines": 0, "num_statements": 0, "percent_covered": 100.0, "percent_covered_display": "100", "missing_lines": 0, "excluded_lines": 1}, "missing_lines": [], "excluded_lines": [215]}, "GitHubAction.__init__": {"executed_lines": [], "summary": {"covered_lines": 0, "num_statements": 3, "percent_covered": 0.0, "percent_covered_display": "0", "missing_lines": 3, "excluded_lines": 0}, "missing_lines": [226, 227, 228], "excluded_lines": []}, "GitHubAction.get_github_context": {"executed_lines": [], "summary": {"covered_lines": 0, "num_statements": 1, "percent_covered": 0.0, "percent_covered_display": "0", "missing_lines": 1, "excluded_lines": 0}, "missing_lines": [240], "excluded_lines": []}, "LLMAction.__init__": {"executed_lines": [], "summary": {"covered_lines": 0, "num_statements": 2, "percent_covered": 0.0, "percent_covered_display": "0", "missing_lines": 2, "excluded_lines": 0}, "missing_lines": [258, 259], "excluded_lines": []}, "LLMAction.get_llm_context": {"executed_lines": [], "summary": {"covered_lines": 0, "num_statements": 1, "percent_covered": 0.0, "percent_covered_display": "0", "missing_lines": 1, "excluded_lines": 0}, "missing_lines": [271], "excluded_lines": []}, "": {"executed_lines": [1, 7, 8, 9, 10, 12, 15, 16, 19, 20, 21, 27, 31, 32, 37, 38, 39, 45, 46, 47, 49, 53, 62, 63, 70, 85, 86, 99, 112, 125, 138, 152, 170, 182, 194, 211, 214, 218, 219, 225, 230, 250, 251, 257, 261], "summary": {"covered_lines": 36, "num_statements": 36, "percent_covered": 100.0, "percent_covered_display": "100", "missing_lines": 0, "excluded_lines": 3}, "missing_lines": [], "excluded_lines": [85, 86, 214]}}, "classes": {"ActionInputs": {"executed_lines": [], "summary": {"covered_lines": 0, "num_statements": 2, "percent_covered": 0.0, "percent_covered_display": "0", "missing_lines": 2, "excluded_lines": 0}, "missing_lines": [29, 34], "excluded_lines": []}, "ActionOutputs": {"executed_lines": [], "summary": {"covered_lines": 0, "num_statements": 3, "percent_covered": 0.0, "percent_covered_display": "0", "missing_lines": 3, "excluded_lines": 0}, "missing_lines": [50, 51, 55], "excluded_lines": []}, "Action": {"executed_lines": [], "summary": {"covered_lines": 0, "num_statements": 14, "percent_covered": 0.0, "percent_covered_display": "0", "missing_lines": 14, "excluded_lines": 12}, "missing_lines": [79, 80, 81, 82, 83, 110, 123, 136, 146, 160, 180, 192, 201, 212], "excluded_lines": [87, 88, 89, 90, 91, 92, 93, 94, 95, 96, 97, 215]}, "GitHubAction": {"executed_lines": [], "summary": {"covered_lines": 0, "num_statements": 4, "percent_covered": 0.0, "percent_covered_display": "0", "missing_lines": 4, "excluded_lines": 0}, "missing_lines": [226, 227, 228, 240], "excluded_lines": []}, "LLMAction": {"executed_lines": [], "summary": {"covered_lines": 0, "num_statements": 3, "percent_covered": 0.0, "percent_covered_display": "0", "missing_lines": 3, "excluded_lines": 0}, "missing_lines": [258, 259, 271], "excluded_lines": []}, "": {"executed_lines": [1, 7, 8, 9, 10, 12, 15, 16, 19, 20, 21, 27, 31, 32, 37, 38, 39, 45, 46, 47, 49, 53, 62, 63, 70, 85, 86, 99, 112, 125, 138, 152, 170, 182, 194, 211, 214, 218, 219, 225, 230, 250, 251, 257, 261], "summary": {"covered_lines": 36, "num_statements": 36, "percent_covered": 100.0, "percent_covered_display": "100", "missing_lines": 0, "excluded_lines": 3}, "missing_lines": [], "excluded_lines": [85, 86, 214]}}}, "autopr\\actions\\check_dependency_licenses.py": {"executed_lines": [], "summary": {"covered_lines": 0, "num_statements": 31, "percent_covered": 0.0, "percent_covered_display": "0", "missing_lines": 31, "excluded_lines": 4}, "missing_lines": [1, 2, 3, 4, 5, 8, 9, 18, 19, 20, 21, 24, 29, 31, 32, 34, 40, 42, 43, 47, 48, 49, 50, 52, 53, 55, 59, 60, 69, 75, 76], "excluded_lines": [83, 84, 86, 88], "functions": {"CheckDependencyLicenses.run": {"executed_lines": [], "summary": {"covered_lines": 0, "num_statements": 17, "percent_covered": 0.0, "percent_covered_display": "0", "missing_lines": 17, "excluded_lines": 0}, "missing_lines": [32, 34, 40, 42, 43, 47, 48, 49, 50, 52, 53, 55, 59, 60, 69, 75, 76], "excluded_lines": []}, "": {"executed_lines": [], "summary": {"covered_lines": 0, "num_statements": 14, "percent_covered": 0.0, "percent_covered_display": "0", "missing_lines": 14, "excluded_lines": 4}, "missing_lines": [1, 2, 3, 4, 5, 8, 9, 18, 19, 20, 21, 24, 29, 31], "excluded_lines": [83, 84, 86, 88]}}, "classes": {"Inputs": {"executed_lines": [], "summary": {"covered_lines": 0, "num_statements": 0, "percent_covered": 100.0, "percent_covered_display": "100", "missing_lines": 0, "excluded_lines": 0}, "missing_lines": [], "excluded_lines": []}, "Outputs": {"executed_lines": [], "summary": {"covered_lines": 0, "num_statements": 0, "percent_covered": 100.0, "percent_covered_display": "100", "missing_lines": 0, "excluded_lines": 0}, "missing_lines": [], "excluded_lines": []}, "CheckDependencyLicenses": {"executed_lines": [], "summary": {"covered_lines": 0, "num_statements": 17, "percent_covered": 0.0, "percent_covered_display": "0", "missing_lines": 17, "excluded_lines": 0}, "missing_lines": [32, 34, 40, 42, 43, 47, 48, 49, 50, 52, 53, 55, 59, 60, 69, 75, 76], "excluded_lines": []}, "": {"executed_lines": [], "summary": {"covered_lines": 0, "num_statements": 14, "percent_covered": 0.0, "percent_covered_display": "0", "missing_lines": 14, "excluded_lines": 4}, "missing_lines": [1, 2, 3, 4, 5, 8, 9, 18, 19, 20, 21, 24, 29, 31], "excluded_lines": [83, 84, 86, 88]}}}, "autopr\\actions\\check_lockfile_drift.py": {"executed_lines": [], "summary": {"covered_lines": 0, "num_statements": 16, "percent_covered": 0.0, "percent_covered_display": "0", "missing_lines": 16, "excluded_lines": 3}, "missing_lines": [1, 2, 3, 6, 7, 10, 11, 12, 15, 20, 22, 23, 28, 29, 30, 31], "excluded_lines": [34, 35, 37], "functions": {"CheckLockfileDrift.run": {"executed_lines": [], "summary": {"covered_lines": 0, "num_statements": 5, "percent_covered": 0.0, "percent_covered_display": "0", "missing_lines": 5, "excluded_lines": 0}, "missing_lines": [23, 28, 29, 30, 31], "excluded_lines": []}, "": {"executed_lines": [], "summary": {"covered_lines": 0, "num_statements": 11, "percent_covered": 0.0, "percent_covered_display": "0", "missing_lines": 11, "excluded_lines": 3}, "missing_lines": [1, 2, 3, 6, 7, 10, 11, 12, 15, 20, 22], "excluded_lines": [34, 35, 37]}}, "classes": {"Inputs": {"executed_lines": [], "summary": {"covered_lines": 0, "num_statements": 0, "percent_covered": 100.0, "percent_covered_display": "100", "missing_lines": 0, "excluded_lines": 0}, "missing_lines": [], "excluded_lines": []}, "Outputs": {"executed_lines": [], "summary": {"covered_lines": 0, "num_statements": 0, "percent_covered": 100.0, "percent_covered_display": "100", "missing_lines": 0, "excluded_lines": 0}, "missing_lines": [], "excluded_lines": []}, "CheckLockfileDrift": {"executed_lines": [], "summary": {"covered_lines": 0, "num_statements": 5, "percent_covered": 0.0, "percent_covered_display": "0", "missing_lines": 5, "excluded_lines": 0}, "missing_lines": [23, 28, 29, 30, 31], "excluded_lines": []}, "": {"executed_lines": [], "summary": {"covered_lines": 0, "num_statements": 11, "percent_covered": 0.0, "percent_covered_display": "0", "missing_lines": 11, "excluded_lines": 3}, "missing_lines": [1, 2, 3, 6, 7, 10, 11, 12, 15, 20, 22], "excluded_lines": [34, 35, 37]}}}, "autopr\\actions\\check_performance_budget.py": {"executed_lines": [1, 2, 3, 4, 7, 8, 10, 18, 19, 20, 21, 24, 25, 30, 32, 68], "summary": {"covered_lines": 14, "num_statements": 29, "percent_covered": 48.275862068965516, "percent_covered_display": "48", "missing_lines": 15, "excluded_lines": 3}, "missing_lines": [33, 34, 37, 43, 45, 46, 47, 53, 54, 55, 56, 58, 59, 61, 63], "excluded_lines": [68, 69, 71], "functions": {"CheckPerformanceBudget.run": {"executed_lines": [], "summary": {"covered_lines": 0, "num_statements": 15, "percent_covered": 0.0, "percent_covered_display": "0", "missing_lines": 15, "excluded_lines": 0}, "missing_lines": [33, 34, 37, 43, 45, 46, 47, 53, 54, 55, 56, 58, 59, 61, 63], "excluded_lines": []}, "": {"executed_lines": [1, 2, 3, 4, 7, 8, 10, 18, 19, 20, 21, 24, 25, 30, 32, 68], "summary": {"covered_lines": 14, "num_statements": 14, "percent_covered": 100.0, "percent_covered_display": "100", "missing_lines": 0, "excluded_lines": 3}, "missing_lines": [], "excluded_lines": [68, 69, 71]}}, "classes": {"Inputs": {"executed_lines": [], "summary": {"covered_lines": 0, "num_statements": 0, "percent_covered": 100.0, "percent_covered_display": "100", "missing_lines": 0, "excluded_lines": 0}, "missing_lines": [], "excluded_lines": []}, "Outputs": {"executed_lines": [], "summary": {"covered_lines": 0, "num_statements": 0, "percent_covered": 100.0, "percent_covered_display": "100", "missing_lines": 0, "excluded_lines": 0}, "missing_lines": [], "excluded_lines": []}, "CheckPerformanceBudget": {"executed_lines": [], "summary": {"covered_lines": 0, "num_statements": 15, "percent_covered": 0.0, "percent_covered_display": "0", "missing_lines": 15, "excluded_lines": 0}, "missing_lines": [33, 34, 37, 43, 45, 46, 47, 53, 54, 55, 56, 58, 59, 61, 63], "excluded_lines": []}, "": {"executed_lines": [1, 2, 3, 4, 7, 8, 10, 18, 19, 20, 21, 24, 25, 30, 32, 68], "summary": {"covered_lines": 14, "num_statements": 14, "percent_covered": 100.0, "percent_covered_display": "100", "missing_lines": 0, "excluded_lines": 3}, "missing_lines": [], "excluded_lines": [68, 69, 71]}}}, "autopr\\actions\\configurable_llm_provider.py": {"executed_lines": [], "summary": {"covered_lines": 0, "num_statements": 2, "percent_covered": 0.0, "percent_covered_display": "0", "missing_lines": 2, "excluded_lines": 0}, "missing_lines": [10, 34], "excluded_lines": [], "functions": {"": {"executed_lines": [], "summary": {"covered_lines": 0, "num_statements": 2, "percent_covered": 0.0, "percent_covered_display": "0", "missing_lines": 2, "excluded_lines": 0}, "missing_lines": [10, 34], "excluded_lines": []}}, "classes": {"": {"executed_lines": [], "summary": {"covered_lines": 0, "num_statements": 2, "percent_covered": 0.0, "percent_covered_display": "0", "missing_lines": 2, "excluded_lines": 0}, "missing_lines": [10, 34], "excluded_lines": []}}}, "autopr\\actions\\create_github_release.py": {"executed_lines": [], "summary": {"covered_lines": 0, "num_statements": 22, "percent_covered": 0.0, "percent_covered_display": "0", "missing_lines": 22, "excluded_lines": 4}, "missing_lines": [1, 2, 5, 6, 7, 8, 9, 10, 13, 14, 15, 18, 23, 25, 26, 27, 28, 29, 30, 31, 33, 37], "excluded_lines": [40, 41, 42, 44], "functions": {"CreateGithubRelease.run": {"executed_lines": [], "summary": {"covered_lines": 0, "num_statements": 8, "percent_covered": 0.0, "percent_covered_display": "0", "missing_lines": 8, "excluded_lines": 0}, "missing_lines": [26, 27, 28, 29, 30, 31, 33, 37], "excluded_lines": []}, "": {"executed_lines": [], "summary": {"covered_lines": 0, "num_statements": 14, "percent_covered": 0.0, "percent_covered_display": "0", "missing_lines": 14, "excluded_lines": 4}, "missing_lines": [1, 2, 5, 6, 7, 8, 9, 10, 13, 14, 15, 18, 23, 25], "excluded_lines": [40, 41, 42, 44]}}, "classes": {"Inputs": {"executed_lines": [], "summary": {"covered_lines": 0, "num_statements": 0, "percent_covered": 100.0, "percent_covered_display": "100", "missing_lines": 0, "excluded_lines": 0}, "missing_lines": [], "excluded_lines": []}, "Outputs": {"executed_lines": [], "summary": {"covered_lines": 0, "num_statements": 0, "percent_covered": 100.0, "percent_covered_display": "100", "missing_lines": 0, "excluded_lines": 0}, "missing_lines": [], "excluded_lines": []}, "CreateGithubRelease": {"executed_lines": [], "summary": {"covered_lines": 0, "num_statements": 8, "percent_covered": 0.0, "percent_covered_display": "0", "missing_lines": 8, "excluded_lines": 0}, "missing_lines": [26, 27, 28, 29, 30, 31, 33, 37], "excluded_lines": []}, "": {"executed_lines": [], "summary": {"covered_lines": 0, "num_statements": 14, "percent_covered": 0.0, "percent_covered_display": "0", "missing_lines": 14, "excluded_lines": 4}, "missing_lines": [1, 2, 5, 6, 7, 8, 9, 10, 13, 14, 15, 18, 23, 25], "excluded_lines": [40, 41, 42, 44]}}}, "autopr\\actions\\create_or_update_issue.py": {"executed_lines": [1, 2, 3, 5, 6, 7, 10, 12, 13, 14, 16, 17, 21, 23, 41], "summary": {"covered_lines": 13, "num_statements": 21, "percent_covered": 61.904761904761905, "percent_covered_display": "62", "missing_lines": 8, "excluded_lines": 4}, "missing_lines": [24, 25, 26, 28, 30, 32, 34, 36], "excluded_lines": [41, 42, 43, 44], "functions": {"CreateOrUpdateIssue.run": {"executed_lines": [], "summary": {"covered_lines": 0, "num_statements": 8, "percent_covered": 0.0, "percent_covered_display": "0", "missing_lines": 8, "excluded_lines": 0}, "missing_lines": [24, 25, 26, 28, 30, 32, 34, 36], "excluded_lines": []}, "": {"executed_lines": [1, 2, 3, 5, 6, 7, 10, 12, 13, 14, 16, 17, 21, 23, 41], "summary": {"covered_lines": 13, "num_statements": 13, "percent_covered": 100.0, "percent_covered_display": "100", "missing_lines": 0, "excluded_lines": 4}, "missing_lines": [], "excluded_lines": [41, 42, 43, 44]}}, "classes": {"Inputs": {"executed_lines": [], "summary": {"covered_lines": 0, "num_statements": 0, "percent_covered": 100.0, "percent_covered_display": "100", "missing_lines": 0, "excluded_lines": 0}, "missing_lines": [], "excluded_lines": []}, "Outputs": {"executed_lines": [], "summary": {"covered_lines": 0, "num_statements": 0, "percent_covered": 100.0, "percent_covered_display": "100", "missing_lines": 0, "excluded_lines": 0}, "missing_lines": [], "excluded_lines": []}, "CreateOrUpdateIssue": {"executed_lines": [], "summary": {"covered_lines": 0, "num_statements": 8, "percent_covered": 0.0, "percent_covered_display": "0", "missing_lines": 8, "excluded_lines": 0}, "missing_lines": [24, 25, 26, 28, 30, 32, 34, 36], "excluded_lines": []}, "": {"executed_lines": [1, 2, 3, 5, 6, 7, 10, 12, 13, 14, 16, 17, 21, 23, 41], "summary": {"covered_lines": 13, "num_statements": 13, "percent_covered": 100.0, "percent_covered_display": "100", "missing_lines": 0, "excluded_lines": 4}, "missing_lines": [], "excluded_lines": [41, 42, 43, 44]}}}, "autopr\\actions\\delete_branch.py": {"executed_lines": [], "summary": {"covered_lines": 0, "num_statements": 12, "percent_covered": 0.0, "percent_covered_display": "0", "missing_lines": 12, "excluded_lines": 4}, "missing_lines": [1, 2, 4, 5, 7, 8, 9, 11, 15, 17, 18, 21], "excluded_lines": [23, 24, 25, 26], "functions": {"DeleteBranch.run": {"executed_lines": [], "summary": {"covered_lines": 0, "num_statements": 2, "percent_covered": 0.0, "percent_covered_display": "0", "missing_lines": 2, "excluded_lines": 0}, "missing_lines": [18, 21], "excluded_lines": []}, "": {"executed_lines": [], "summary": {"covered_lines": 0, "num_statements": 10, "percent_covered": 0.0, "percent_covered_display": "0", "missing_lines": 10, "excluded_lines": 4}, "missing_lines": [1, 2, 4, 5, 7, 8, 9, 11, 15, 17], "excluded_lines": [23, 24, 25, 26]}}, "classes": {"Inputs": {"executed_lines": [], "summary": {"covered_lines": 0, "num_statements": 0, "percent_covered": 100.0, "percent_covered_display": "100", "missing_lines": 0, "excluded_lines": 0}, "missing_lines": [], "excluded_lines": []}, "Outputs": {"executed_lines": [], "summary": {"covered_lines": 0, "num_statements": 0, "percent_covered": 100.0, "percent_covered_display": "100", "missing_lines": 0, "excluded_lines": 0}, "missing_lines": [], "excluded_lines": []}, "DeleteBranch": {"executed_lines": [], "summary": {"covered_lines": 0, "num_statements": 2, "percent_covered": 0.0, "percent_covered_display": "0", "missing_lines": 2, "excluded_lines": 0}, "missing_lines": [18, 21], "excluded_lines": []}, "": {"executed_lines": [], "summary": {"covered_lines": 0, "num_statements": 10, "percent_covered": 0.0, "percent_covered_display": "0", "missing_lines": 10, "excluded_lines": 4}, "missing_lines": [1, 2, 4, 5, 7, 8, 9, 11, 15, 17], "excluded_lines": [23, 24, 25, 26]}}}, "autopr\\actions\\enforce_import_order.py": {"executed_lines": [], "summary": {"covered_lines": 0, "num_statements": 17, "percent_covered": 0.0, "percent_covered_display": "0", "missing_lines": 17, "excluded_lines": 3}, "missing_lines": [1, 2, 3, 5, 6, 8, 9, 10, 12, 17, 19, 22, 24, 29, 31, 32, 34], "excluded_lines": [39, 40, 41], "functions": {"EnforceImportOrder.run": {"executed_lines": [], "summary": {"covered_lines": 0, "num_statements": 6, "percent_covered": 0.0, "percent_covered_display": "0", "missing_lines": 6, "excluded_lines": 0}, "missing_lines": [22, 24, 29, 31, 32, 34], "excluded_lines": []}, "": {"executed_lines": [], "summary": {"covered_lines": 0, "num_statements": 11, "percent_covered": 0.0, "percent_covered_display": "0", "missing_lines": 11, "excluded_lines": 3}, "missing_lines": [1, 2, 3, 5, 6, 8, 9, 10, 12, 17, 19], "excluded_lines": [39, 40, 41]}}, "classes": {"Inputs": {"executed_lines": [], "summary": {"covered_lines": 0, "num_statements": 0, "percent_covered": 100.0, "percent_covered_display": "100", "missing_lines": 0, "excluded_lines": 0}, "missing_lines": [], "excluded_lines": []}, "Outputs": {"executed_lines": [], "summary": {"covered_lines": 0, "num_statements": 0, "percent_covered": 100.0, "percent_covered_display": "100", "missing_lines": 0, "excluded_lines": 0}, "missing_lines": [], "excluded_lines": []}, "EnforceImportOrder": {"executed_lines": [], "summary": {"covered_lines": 0, "num_statements": 6, "percent_covered": 0.0, "percent_covered_display": "0", "missing_lines": 6, "excluded_lines": 0}, "missing_lines": [22, 24, 29, 31, 32, 34], "excluded_lines": []}, "": {"executed_lines": [], "summary": {"covered_lines": 0, "num_statements": 11, "percent_covered": 0.0, "percent_covered_display": "0", "missing_lines": 11, "excluded_lines": 3}, "missing_lines": [1, 2, 3, 5, 6, 8, 9, 10, 12, 17, 19], "excluded_lines": [39, 40, 41]}}}, "autopr\\actions\\extract_pr_comment_data.py": {"executed_lines": [], "summary": {"covered_lines": 0, "num_statements": 32, "percent_covered": 0.0, "percent_covered_display": "0", "missing_lines": 32, "excluded_lines": 0}, "missing_lines": [6, 7, 8, 9, 11, 12, 13, 15, 16, 17, 18, 19, 20, 21, 22, 23, 24, 26, 35, 36, 37, 39, 40, 43, 44, 45, 48, 50, 51, 54, 55, 57], "excluded_lines": [], "functions": {"extract_pr_comment_data": {"executed_lines": [], "summary": {"covered_lines": 0, "num_statements": 14, "percent_covered": 0.0, "percent_covered_display": "0", "missing_lines": 14, "excluded_lines": 0}, "missing_lines": [35, 36, 37, 39, 40, 43, 44, 45, 48, 50, 51, 54, 55, 57], "excluded_lines": []}, "": {"executed_lines": [], "summary": {"covered_lines": 0, "num_statements": 18, "percent_covered": 0.0, "percent_covered_display": "0", "missing_lines": 18, "excluded_lines": 0}, "missing_lines": [6, 7, 8, 9, 11, 12, 13, 15, 16, 17, 18, 19, 20, 21, 22, 23, 24, 26], "excluded_lines": []}}, "classes": {"ExtractPRCommentDataInputs": {"executed_lines": [], "summary": {"covered_lines": 0, "num_statements": 0, "percent_covered": 100.0, "percent_covered_display": "100", "missing_lines": 0, "excluded_lines": 0}, "missing_lines": [], "excluded_lines": []}, "ExtractPRCommentDataOutputs": {"executed_lines": [], "summary": {"covered_lines": 0, "num_statements": 0, "percent_covered": 100.0, "percent_covered_display": "100", "missing_lines": 0, "excluded_lines": 0}, "missing_lines": [], "excluded_lines": []}, "": {"executed_lines": [], "summary": {"covered_lines": 0, "num_statements": 32, "percent_covered": 0.0, "percent_covered_display": "0", "missing_lines": 32, "excluded_lines": 0}, "missing_lines": [6, 7, 8, 9, 11, 12, 13, 15, 16, 17, 18, 19, 20, 21, 22, 23, 24, 26, 35, 36, 37, 39, 40, 43, 44, 45, 48, 50, 51, 54, 55, 57], "excluded_lines": []}}}, "autopr\\actions\\find_dead_code.py": {"executed_lines": [], "summary": {"covered_lines": 0, "num_statements": 15, "percent_covered": 0.0, "percent_covered_display": "0", "missing_lines": 15, "excluded_lines": 4}, "missing_lines": [1, 2, 3, 4, 6, 7, 9, 10, 11, 13, 17, 19, 20, 23, 24], "excluded_lines": [26, 27, 28, 29], "functions": {"FindDeadCode.run": {"executed_lines": [], "summary": {"covered_lines": 0, "num_statements": 3, "percent_covered": 0.0, "percent_covered_display": "0", "missing_lines": 3, "excluded_lines": 0}, "missing_lines": [20, 23, 24], "excluded_lines": []}, "": {"executed_lines": [], "summary": {"covered_lines": 0, "num_statements": 12, "percent_covered": 0.0, "percent_covered_display": "0", "missing_lines": 12, "excluded_lines": 4}, "missing_lines": [1, 2, 3, 4, 6, 7, 9, 10, 11, 13, 17, 19], "excluded_lines": [26, 27, 28, 29]}}, "classes": {"Inputs": {"executed_lines": [], "summary": {"covered_lines": 0, "num_statements": 0, "percent_covered": 100.0, "percent_covered_display": "100", "missing_lines": 0, "excluded_lines": 0}, "missing_lines": [], "excluded_lines": []}, "Outputs": {"executed_lines": [], "summary": {"covered_lines": 0, "num_statements": 0, "percent_covered": 100.0, "percent_covered_display": "100", "missing_lines": 0, "excluded_lines": 0}, "missing_lines": [], "excluded_lines": []}, "FindDeadCode": {"executed_lines": [], "summary": {"covered_lines": 0, "num_statements": 3, "percent_covered": 0.0, "percent_covered_display": "0", "missing_lines": 3, "excluded_lines": 0}, "missing_lines": [20, 23, 24], "excluded_lines": []}, "": {"executed_lines": [], "summary": {"covered_lines": 0, "num_statements": 12, "percent_covered": 0.0, "percent_covered_display": "0", "missing_lines": 12, "excluded_lines": 4}, "missing_lines": [1, 2, 3, 4, 6, 7, 9, 10, 11, 13, 17, 19], "excluded_lines": [26, 27, 28, 29]}}}, "autopr\\actions\\find_large_assets.py": {"executed_lines": [], "summary": {"covered_lines": 0, "num_statements": 23, "percent_covered": 0.0, "percent_covered_display": "0", "missing_lines": 23, "excluded_lines": 4}, "missing_lines": [1, 2, 3, 5, 6, 7, 9, 10, 12, 16, 18, 19, 20, 21, 22, 23, 24, 25, 26, 27, 28, 29, 30], "excluded_lines": [32, 33, 34, 35], "functions": {"FindLargeAssets.run": {"executed_lines": [], "summary": {"covered_lines": 0, "num_statements": 12, "percent_covered": 0.0, "percent_covered_display": "0", "missing_lines": 12, "excluded_lines": 0}, "missing_lines": [19, 20, 21, 22, 23, 24, 25, 26, 27, 28, 29, 30], "excluded_lines": []}, "": {"executed_lines": [], "summary": {"covered_lines": 0, "num_statements": 11, "percent_covered": 0.0, "percent_covered_display": "0", "missing_lines": 11, "excluded_lines": 4}, "missing_lines": [1, 2, 3, 5, 6, 7, 9, 10, 12, 16, 18], "excluded_lines": [32, 33, 34, 35]}}, "classes": {"Inputs": {"executed_lines": [], "summary": {"covered_lines": 0, "num_statements": 0, "percent_covered": 100.0, "percent_covered_display": "100", "missing_lines": 0, "excluded_lines": 0}, "missing_lines": [], "excluded_lines": []}, "Outputs": {"executed_lines": [], "summary": {"covered_lines": 0, "num_statements": 0, "percent_covered": 100.0, "percent_covered_display": "100", "missing_lines": 0, "excluded_lines": 0}, "missing_lines": [], "excluded_lines": []}, "FindLargeAssets": {"executed_lines": [], "summary": {"covered_lines": 0, "num_statements": 12, "percent_covered": 0.0, "percent_covered_display": "0", "missing_lines": 12, "excluded_lines": 0}, "missing_lines": [19, 20, 21, 22, 23, 24, 25, 26, 27, 28, 29, 30], "excluded_lines": []}, "": {"executed_lines": [], "summary": {"covered_lines": 0, "num_statements": 11, "percent_covered": 0.0, "percent_covered_display": "0", "missing_lines": 11, "excluded_lines": 4}, "missing_lines": [1, 2, 3, 5, 6, 7, 9, 10, 12, 16, 18], "excluded_lines": [32, 33, 34, 35]}}}, "autopr\\actions\\find_merged_branches.py": {"executed_lines": [], "summary": {"covered_lines": 0, "num_statements": 14, "percent_covered": 0.0, "percent_covered_display": "0", "missing_lines": 14, "excluded_lines": 4}, "missing_lines": [1, 2, 3, 4, 7, 8, 11, 12, 15, 20, 22, 23, 26, 27], "excluded_lines": [30, 31, 32, 34], "functions": {"FindMergedBranches.run": {"executed_lines": [], "summary": {"covered_lines": 0, "num_statements": 3, "percent_covered": 0.0, "percent_covered_display": "0", "missing_lines": 3, "excluded_lines": 0}, "missing_lines": [23, 26, 27], "excluded_lines": []}, "": {"executed_lines": [], "summary": {"covered_lines": 0, "num_statements": 11, "percent_covered": 0.0, "percent_covered_display": "0", "missing_lines": 11, "excluded_lines": 4}, "missing_lines": [1, 2, 3, 4, 7, 8, 11, 12, 15, 20, 22], "excluded_lines": [30, 31, 32, 34]}}, "classes": {"Inputs": {"executed_lines": [], "summary": {"covered_lines": 0, "num_statements": 0, "percent_covered": 100.0, "percent_covered_display": "100", "missing_lines": 0, "excluded_lines": 0}, "missing_lines": [], "excluded_lines": []}, "Outputs": {"executed_lines": [], "summary": {"covered_lines": 0, "num_statements": 0, "percent_covered": 100.0, "percent_covered_display": "100", "missing_lines": 0, "excluded_lines": 0}, "missing_lines": [], "excluded_lines": []}, "FindMergedBranches": {"executed_lines": [], "summary": {"covered_lines": 0, "num_statements": 3, "percent_covered": 0.0, "percent_covered_display": "0", "missing_lines": 3, "excluded_lines": 0}, "missing_lines": [23, 26, 27], "excluded_lines": []}, "": {"executed_lines": [], "summary": {"covered_lines": 0, "num_statements": 11, "percent_covered": 0.0, "percent_covered_display": "0", "missing_lines": 11, "excluded_lines": 4}, "missing_lines": [1, 2, 3, 4, 7, 8, 11, 12, 15, 20, 22], "excluded_lines": [30, 31, 32, 34]}}}, "autopr\\actions\\find_stale_issues_or_prs.py": {"executed_lines": [], "summary": {"covered_lines": 0, "num_statements": 16, "percent_covered": 0.0, "percent_covered_display": "0", "missing_lines": 16, "excluded_lines": 4}, "missing_lines": [1, 2, 3, 6, 7, 8, 11, 12, 13, 16, 21, 23, 24, 29, 41, 42], "excluded_lines": [45, 46, 47, 49], "functions": {"FindStaleIssuesOrPRs.run": {"executed_lines": [], "summary": {"covered_lines": 0, "num_statements": 4, "percent_covered": 0.0, "percent_covered_display": "0", "missing_lines": 4, "excluded_lines": 0}, "missing_lines": [24, 29, 41, 42], "excluded_lines": []}, "": {"executed_lines": [], "summary": {"covered_lines": 0, "num_statements": 12, "percent_covered": 0.0, "percent_covered_display": "0", "missing_lines": 12, "excluded_lines": 4}, "missing_lines": [1, 2, 3, 6, 7, 8, 11, 12, 13, 16, 21, 23], "excluded_lines": [45, 46, 47, 49]}}, "classes": {"Inputs": {"executed_lines": [], "summary": {"covered_lines": 0, "num_statements": 0, "percent_covered": 100.0, "percent_covered_display": "100", "missing_lines": 0, "excluded_lines": 0}, "missing_lines": [], "excluded_lines": []}, "Outputs": {"executed_lines": [], "summary": {"covered_lines": 0, "num_statements": 0, "percent_covered": 100.0, "percent_covered_display": "100", "missing_lines": 0, "excluded_lines": 0}, "missing_lines": [], "excluded_lines": []}, "FindStaleIssuesOrPRs": {"executed_lines": [], "summary": {"covered_lines": 0, "num_statements": 4, "percent_covered": 0.0, "percent_covered_display": "0", "missing_lines": 4, "excluded_lines": 0}, "missing_lines": [24, 29, 41, 42], "excluded_lines": []}, "": {"executed_lines": [], "summary": {"covered_lines": 0, "num_statements": 12, "percent_covered": 0.0, "percent_covered_display": "0", "missing_lines": 12, "excluded_lines": 4}, "missing_lines": [1, 2, 3, 6, 7, 8, 11, 12, 13, 16, 21, 23], "excluded_lines": [45, 46, 47, 49]}}}, "autopr\\actions\\generate_barrel_file.py": {"executed_lines": [], "summary": {"covered_lines": 0, "num_statements": 27, "percent_covered": 0.0, "percent_covered_display": "0", "missing_lines": 27, "excluded_lines": 9}, "missing_lines": [1, 2, 3, 4, 7, 8, 9, 12, 13, 14, 17, 22, 24, 25, 26, 28, 29, 30, 32, 33, 35, 38, 39, 41, 42, 43, 45], "excluded_lines": [48, 49, 50, 53, 54, 55, 56, 57, 58], "functions": {"GenerateBarrelFile.run": {"executed_lines": [], "summary": {"covered_lines": 0, "num_statements": 14, "percent_covered": 0.0, "percent_covered_display": "0", "missing_lines": 14, "excluded_lines": 0}, "missing_lines": [25, 26, 28, 29, 30, 32, 33, 35, 38, 39, 41, 42, 43, 45], "excluded_lines": []}, "": {"executed_lines": [], "summary": {"covered_lines": 0, "num_statements": 13, "percent_covered": 0.0, "percent_covered_display": "0", "missing_lines": 13, "excluded_lines": 9}, "missing_lines": [1, 2, 3, 4, 7, 8, 9, 12, 13, 14, 17, 22, 24], "excluded_lines": [48, 49, 50, 53, 54, 55, 56, 57, 58]}}, "classes": {"Inputs": {"executed_lines": [], "summary": {"covered_lines": 0, "num_statements": 0, "percent_covered": 100.0, "percent_covered_display": "100", "missing_lines": 0, "excluded_lines": 0}, "missing_lines": [], "excluded_lines": []}, "Outputs": {"executed_lines": [], "summary": {"covered_lines": 0, "num_statements": 0, "percent_covered": 100.0, "percent_covered_display": "100", "missing_lines": 0, "excluded_lines": 0}, "missing_lines": [], "excluded_lines": []}, "GenerateBarrelFile": {"executed_lines": [], "summary": {"covered_lines": 0, "num_statements": 14, "percent_covered": 0.0, "percent_covered_display": "0", "missing_lines": 14, "excluded_lines": 0}, "missing_lines": [25, 26, 28, 29, 30, 32, 33, 35, 38, 39, 41, 42, 43, 45], "excluded_lines": []}, "": {"executed_lines": [], "summary": {"covered_lines": 0, "num_statements": 13, "percent_covered": 0.0, "percent_covered_display": "0", "missing_lines": 13, "excluded_lines": 9}, "missing_lines": [1, 2, 3, 4, 7, 8, 9, 12, 13, 14, 17, 22, 24], "excluded_lines": [48, 49, 50, 53, 54, 55, 56, 57, 58]}}}, "autopr\\actions\\generate_prop_table.py": {"executed_lines": [], "summary": {"covered_lines": 0, "num_statements": 36, "percent_covered": 0.0, "percent_covered_display": "0", "missing_lines": 36, "excluded_lines": 5}, "missing_lines": [1, 2, 3, 4, 6, 8, 9, 11, 12, 13, 15, 20, 22, 23, 25, 31, 33, 34, 36, 37, 38, 39, 42, 43, 45, 46, 48, 49, 51, 52, 53, 54, 55, 57, 58, 59], "excluded_lines": [61, 62, 65, 66, 67], "functions": {"GeneratePropTable.run": {"executed_lines": [], "summary": {"covered_lines": 0, "num_statements": 23, "percent_covered": 0.0, "percent_covered_display": "0", "missing_lines": 23, "excluded_lines": 0}, "missing_lines": [23, 25, 31, 33, 34, 36, 37, 38, 39, 42, 43, 45, 46, 48, 49, 51, 52, 53, 54, 55, 57, 58, 59], "excluded_lines": []}, "": {"executed_lines": [], "summary": {"covered_lines": 0, "num_statements": 13, "percent_covered": 0.0, "percent_covered_display": "0", "missing_lines": 13, "excluded_lines": 5}, "missing_lines": [1, 2, 3, 4, 6, 8, 9, 11, 12, 13, 15, 20, 22], "excluded_lines": [61, 62, 65, 66, 67]}}, "classes": {"Inputs": {"executed_lines": [], "summary": {"covered_lines": 0, "num_statements": 0, "percent_covered": 100.0, "percent_covered_display": "100", "missing_lines": 0, "excluded_lines": 0}, "missing_lines": [], "excluded_lines": []}, "Outputs": {"executed_lines": [], "summary": {"covered_lines": 0, "num_statements": 0, "percent_covered": 100.0, "percent_covered_display": "100", "missing_lines": 0, "excluded_lines": 0}, "missing_lines": [], "excluded_lines": []}, "GeneratePropTable": {"executed_lines": [], "summary": {"covered_lines": 0, "num_statements": 23, "percent_covered": 0.0, "percent_covered_display": "0", "missing_lines": 23, "excluded_lines": 0}, "missing_lines": [23, 25, 31, 33, 34, 36, 37, 38, 39, 42, 43, 45, 46, 48, 49, 51, 52, 53, 54, 55, 57, 58, 59], "excluded_lines": []}, "": {"executed_lines": [], "summary": {"covered_lines": 0, "num_statements": 13, "percent_covered": 0.0, "percent_covered_display": "0", "missing_lines": 13, "excluded_lines": 5}, "missing_lines": [1, 2, 3, 4, 6, 8, 9, 11, 12, 13, 15, 20, 22], "excluded_lines": [61, 62, 65, 66, 67]}}}, "autopr\\actions\\generate_release_notes.py": {"executed_lines": [1, 2, 3, 4, 5, 8, 9, 12, 13, 16, 17, 22, 24, 76], "summary": {"covered_lines": 12, "num_statements": 39, "percent_covered": 30.76923076923077, "percent_covered_display": "31", "missing_lines": 27, "excluded_lines": 4}, "missing_lines": [26, 27, 29, 31, 34, 35, 37, 40, 41, 44, 45, 46, 49, 56, 57, 58, 59, 60, 61, 62, 64, 67, 68, 69, 70, 71, 73], "excluded_lines": [76, 77, 78, 80], "functions": {"GenerateReleaseNotes.run": {"executed_lines": [], "summary": {"covered_lines": 0, "num_statements": 27, "percent_covered": 0.0, "percent_covered_display": "0", "missing_lines": 27, "excluded_lines": 0}, "missing_lines": [26, 27, 29, 31, 34, 35, 37, 40, 41, 44, 45, 46, 49, 56, 57, 58, 59, 60, 61, 62, 64, 67, 68, 69, 70, 71, 73], "excluded_lines": []}, "": {"executed_lines": [1, 2, 3, 4, 5, 8, 9, 12, 13, 16, 17, 22, 24, 76], "summary": {"covered_lines": 12, "num_statements": 12, "percent_covered": 100.0, "percent_covered_display": "100", "missing_lines": 0, "excluded_lines": 4}, "missing_lines": [], "excluded_lines": [76, 77, 78, 80]}}, "classes": {"Inputs": {"executed_lines": [], "summary": {"covered_lines": 0, "num_statements": 0, "percent_covered": 100.0, "percent_covered_display": "100", "missing_lines": 0, "excluded_lines": 0}, "missing_lines": [], "excluded_lines": []}, "Outputs": {"executed_lines": [], "summary": {"covered_lines": 0, "num_statements": 0, "percent_covered": 100.0, "percent_covered_display": "100", "missing_lines": 0, "excluded_lines": 0}, "missing_lines": [], "excluded_lines": []}, "GenerateReleaseNotes": {"executed_lines": [], "summary": {"covered_lines": 0, "num_statements": 27, "percent_covered": 0.0, "percent_covered_display": "0", "missing_lines": 27, "excluded_lines": 0}, "missing_lines": [26, 27, 29, 31, 34, 35, 37, 40, 41, 44, 45, 46, 49, 56, 57, 58, 59, 60, 61, 62, 64, 67, 68, 69, 70, 71, 73], "excluded_lines": []}, "": {"executed_lines": [1, 2, 3, 4, 5, 8, 9, 12, 13, 16, 17, 22, 24, 76], "summary": {"covered_lines": 12, "num_statements": 12, "percent_covered": 100.0, "percent_covered_display": "100", "missing_lines": 0, "excluded_lines": 4}, "missing_lines": [], "excluded_lines": [76, 77, 78, 80]}}}, "autopr\\actions\\generate_todo_report.py": {"executed_lines": [], "summary": {"covered_lines": 0, "num_statements": 36, "percent_covered": 0.0, "percent_covered_display": "0", "missing_lines": 36, "excluded_lines": 5}, "missing_lines": [1, 2, 3, 4, 5, 7, 8, 9, 11, 12, 13, 15, 19, 21, 22, 23, 25, 26, 28, 29, 30, 31, 32, 33, 34, 35, 40, 41, 43, 44, 46, 47, 48, 49, 50, 52], "excluded_lines": [54, 55, 56, 58, 59], "functions": {"GenerateTodoReport.run": {"executed_lines": [], "summary": {"covered_lines": 0, "num_statements": 22, "percent_covered": 0.0, "percent_covered_display": "0", "missing_lines": 22, "excluded_lines": 0}, "missing_lines": [22, 23, 25, 26, 28, 29, 30, 31, 32, 33, 34, 35, 40, 41, 43, 44, 46, 47, 48, 49, 50, 52], "excluded_lines": []}, "": {"executed_lines": [], "summary": {"covered_lines": 0, "num_statements": 14, "percent_covered": 0.0, "percent_covered_display": "0", "missing_lines": 14, "excluded_lines": 5}, "missing_lines": [1, 2, 3, 4, 5, 7, 8, 9, 11, 12, 13, 15, 19, 21], "excluded_lines": [54, 55, 56, 58, 59]}}, "classes": {"Inputs": {"executed_lines": [], "summary": {"covered_lines": 0, "num_statements": 0, "percent_covered": 100.0, "percent_covered_display": "100", "missing_lines": 0, "excluded_lines": 0}, "missing_lines": [], "excluded_lines": []}, "Outputs": {"executed_lines": [], "summary": {"covered_lines": 0, "num_statements": 0, "percent_covered": 100.0, "percent_covered_display": "100", "missing_lines": 0, "excluded_lines": 0}, "missing_lines": [], "excluded_lines": []}, "GenerateTodoReport": {"executed_lines": [], "summary": {"covered_lines": 0, "num_statements": 22, "percent_covered": 0.0, "percent_covered_display": "0", "missing_lines": 22, "excluded_lines": 0}, "missing_lines": [22, 23, 25, 26, 28, 29, 30, 31, 32, 33, 34, 35, 40, 41, 43, 44, 46, 47, 48, 49, 50, 52], "excluded_lines": []}, "": {"executed_lines": [], "summary": {"covered_lines": 0, "num_statements": 14, "percent_covered": 0.0, "percent_covered_display": "0", "missing_lines": 14, "excluded_lines": 5}, "missing_lines": [1, 2, 3, 4, 5, 7, 8, 9, 11, 12, 13, 15, 19, 21], "excluded_lines": [54, 55, 56, 58, 59]}}}, "autopr\\actions\\handle_pr_comment.py": {"executed_lines": [1, 6, 7, 8, 9, 10, 12, 13, 14, 15, 16, 17, 18, 19, 20, 21, 23, 24, 25, 26, 27, 28, 30, 84, 97, 110, 124, 143, 161, 167, 211, 224, 230, 243, 244, 246, 253], "summary": {"covered_lines": 35, "num_statements": 108, "percent_covered": 32.407407407407405, "percent_covered_display": "32", "missing_lines": 73, "excluded_lines": 0}, "missing_lines": [42, 45, 48, 50, 51, 53, 54, 62, 63, 65, 67, 76, 77, 86, 95, 99, 108, 112, 115, 116, 117, 118, 119, 120, 122, 126, 127, 128, 131, 132, 134, 135, 136, 137, 138, 139, 141, 145, 146, 147, 149, 150, 152, 153, 154, 155, 156, 157, 159, 165, 169, 170, 173, 174, 175, 177, 194, 202, 203, 205, 206, 207, 209, 213, 215, 222, 228, 232, 235, 238, 241, 247, 255], "excluded_lines": [], "functions": {"handle_pr_comment": {"executed_lines": [], "summary": {"covered_lines": 0, "num_statements": 13, "percent_covered": 0.0, "percent_covered_display": "0", "missing_lines": 13, "excluded_lines": 0}, "missing_lines": [42, 45, 48, 50, 51, 53, 54, 62, 63, 65, 67, 76, 77], "excluded_lines": []}, "is_simple_fix": {"executed_lines": [], "summary": {"covered_lines": 0, "num_statements": 2, "percent_covered": 0.0, "percent_covered_display": "0", "missing_lines": 2, "excluded_lines": 0}, "missing_lines": [86, 95], "excluded_lines": []}, "is_complex_issue": {"executed_lines": [], "summary": {"covered_lines": 0, "num_statements": 2, "percent_covered": 0.0, "percent_covered_display": "0", "missing_lines": 2, "excluded_lines": 0}, "missing_lines": [99, 108], "excluded_lines": []}, "attempt_simple_fix": {"executed_lines": [], "summary": {"covered_lines": 0, "num_statements": 8, "percent_covered": 0.0, "percent_covered_display": "0", "missing_lines": 8, "excluded_lines": 0}, "missing_lines": [112, 115, 116, 117, 118, 119, 120, 122], "excluded_lines": []}, "remove_console_logs": {"executed_lines": [], "summary": {"covered_lines": 0, "num_statements": 12, "percent_covered": 0.0, "percent_covered_display": "0", "missing_lines": 12, "excluded_lines": 0}, "missing_lines": [126, 127, 128, 131, 132, 134, 135, 136, 137, 138, 139, 141], "excluded_lines": []}, "fix_trailing_spaces": {"executed_lines": [], "summary": {"covered_lines": 0, "num_statements": 12, "percent_covered": 0.0, "percent_covered_display": "0", "missing_lines": 12, "excluded_lines": 0}, "missing_lines": [145, 146, 147, 149, 150, 152, 153, 154, 155, 156, 157, 159], "excluded_lines": []}, "remove_unused_imports": {"executed_lines": [], "summary": {"covered_lines": 0, "num_statements": 1, "percent_covered": 0.0, "percent_covered_display": "0", "missing_lines": 1, "excluded_lines": 0}, "missing_lines": [165], "excluded_lines": []}, "create_github_issue": {"executed_lines": [], "summary": {"covered_lines": 0, "num_statements": 13, "percent_covered": 0.0, "percent_covered_display": "0", "missing_lines": 13, "excluded_lines": 0}, "missing_lines": [169, 170, 173, 174, 175, 177, 194, 202, 203, 205, 206, 207, 209], "excluded_lines": []}, "react_to_comment": {"executed_lines": [], "summary": {"covered_lines": 0, "num_statements": 3, "percent_covered": 0.0, "percent_covered_display": "0", "missing_lines": 3, "excluded_lines": 0}, "missing_lines": [213, 215, 222], "excluded_lines": []}, "resolve_comment": {"executed_lines": [], "summary": {"covered_lines": 0, "num_statements": 1, "percent_covered": 0.0, "percent_covered_display": "0", "missing_lines": 1, "excluded_lines": 0}, "missing_lines": [228], "excluded_lines": []}, "git_commit_and_push": {"executed_lines": [], "summary": {"covered_lines": 0, "num_statements": 4, "percent_covered": 0.0, "percent_covered_display": "0", "missing_lines": 4, "excluded_lines": 0}, "missing_lines": [232, 235, 238, 241], "excluded_lines": []}, "PRCommentHandler.__init__": {"executed_lines": [], "summary": {"covered_lines": 0, "num_statements": 1, "percent_covered": 0.0, "percent_covered_display": "0", "missing_lines": 1, "excluded_lines": 0}, "missing_lines": [247], "excluded_lines": []}, "PRCommentHandler.execute": {"executed_lines": [], "summary": {"covered_lines": 0, "num_statements": 1, "percent_covered": 0.0, "percent_covered_display": "0", "missing_lines": 1, "excluded_lines": 0}, "missing_lines": [255], "excluded_lines": []}, "": {"executed_lines": [1, 6, 7, 8, 9, 10, 12, 13, 14, 15, 16, 17, 18, 19, 20, 21, 23, 24, 25, 26, 27, 28, 30, 84, 97, 110, 124, 143, 161, 167, 211, 224, 230, 243, 244, 246, 253], "summary": {"covered_lines": 35, "num_statements": 35, "percent_covered": 100.0, "percent_covered_display": "100", "missing_lines": 0, "excluded_lines": 0}, "missing_lines": [], "excluded_lines": []}}, "classes": {"HandlePRCommentInputs": {"executed_lines": [], "summary": {"covered_lines": 0, "num_statements": 0, "percent_covered": 100.0, "percent_covered_display": "100", "missing_lines": 0, "excluded_lines": 0}, "missing_lines": [], "excluded_lines": []}, "HandlePRCommentOutputs": {"executed_lines": [], "summary": {"covered_lines": 0, "num_statements": 0, "percent_covered": 100.0, "percent_covered_display": "100", "missing_lines": 0, "excluded_lines": 0}, "missing_lines": [], "excluded_lines": []}, "PRCommentHandler": {"executed_lines": [], "summary": {"covered_lines": 0, "num_statements": 2, "percent_covered": 0.0, "percent_covered_display": "0", "missing_lines": 2, "excluded_lines": 0}, "missing_lines": [247, 255], "excluded_lines": []}, "": {"executed_lines": [1, 6, 7, 8, 9, 10, 12, 13, 14, 15, 16, 17, 18, 19, 20, 21, 23, 24, 25, 26, 27, 28, 30, 84, 97, 110, 124, 143, 161, 167, 211, 224, 230, 243, 244, 246, 253], "summary": {"covered_lines": 35, "num_statements": 106, "percent_covered": 33.0188679245283, "percent_covered_display": "33", "missing_lines": 71, "excluded_lines": 0}, "missing_lines": [42, 45, 48, 50, 51, 53, 54, 62, 63, 65, 67, 76, 77, 86, 95, 99, 108, 112, 115, 116, 117, 118, 119, 120, 122, 126, 127, 128, 131, 132, 134, 135, 136, 137, 138, 139, 141, 145, 146, 147, 149, 150, 152, 153, 154, 155, 156, 157, 159, 165, 169, 170, 173, 174, 175, 177, 194, 202, 203, 205, 206, 207, 209, 213, 215, 222, 228, 232, 235, 238, 241], "excluded_lines": []}}}, "autopr\\actions\\issue_creator.py": {"executed_lines": [1, 6, 7, 8, 9, 10, 11, 14, 15, 16, 17, 18, 19, 20, 21, 24, 25, 26, 27, 28, 29, 32, 33, 38, 87, 119, 188, 229, 247, 292, 320, 371, 393, 415, 436, 455, 461, 474, 489, 497], "summary": {"covered_lines": 38, "num_statements": 146, "percent_covered": 26.027397260273972, "percent_covered_display": "26", "missing_lines": 108, "excluded_lines": 4}, "missing_lines": [34, 35, 36, 43, 44, 45, 46, 49, 50, 51, 52, 55, 56, 57, 60, 61, 62, 63, 64, 65, 66, 69, 70, 71, 72, 75, 76, 77, 79, 89, 91, 96, 103, 104, 106, 109, 111, 121, 123, 129, 152, 162, 165, 167, 169, 170, 172, 175, 176, 178, 190, 191, 192, 195, 197, 198, 211, 213, 214, 227, 233, 237, 242, 244, 245, 249, 251, 256, 267, 287, 290, 301, 309, 310, 314, 326, 332, 333, 336, 362, 364, 376, 380, 381, 386, 398, 405, 406, 408, 420, 426, 427, 429, 441, 445, 446, 448, 457, 458, 459, 465, 472, 478, 485, 491, 492, 493, 494], "excluded_lines": [497, 499, 521, 522], "functions": {"IssueCreator.__init__": {"executed_lines": [], "summary": {"covered_lines": 0, "num_statements": 3, "percent_covered": 0.0, "percent_covered_display": "0", "missing_lines": 3, "excluded_lines": 0}, "missing_lines": [34, 35, 36], "excluded_lines": []}, "IssueCreator.create_issues_and_tickets": {"executed_lines": [], "summary": {"covered_lines": 0, "num_statements": 26, "percent_covered": 0.0, "percent_covered_display": "0", "missing_lines": 26, "excluded_lines": 0}, "missing_lines": [43, 44, 45, 46, 49, 50, 51, 52, 55, 56, 57, 60, 61, 62, 63, 64, 65, 66, 69, 70, 71, 72, 75, 76, 77, 79], "excluded_lines": []}, "IssueCreator._create_github_issue": {"executed_lines": [], "summary": {"covered_lines": 0, "num_statements": 8, "percent_covered": 0.0, "percent_covered_display": "0", "missing_lines": 8, "excluded_lines": 0}, "missing_lines": [89, 91, 96, 103, 104, 106, 109, 111], "excluded_lines": []}, "IssueCreator._create_linear_ticket": {"executed_lines": [], "summary": {"covered_lines": 0, "num_statements": 13, "percent_covered": 0.0, "percent_covered_display": "0", "missing_lines": 13, "excluded_lines": 0}, "missing_lines": [121, 123, 129, 152, 162, 165, 167, 169, 170, 172, 175, 176, 178], "excluded_lines": []}, "IssueCreator._add_ai_specific_comments": {"executed_lines": [], "summary": {"covered_lines": 0, "num_statements": 10, "percent_covered": 0.0, "percent_covered_display": "0", "missing_lines": 10, "excluded_lines": 0}, "missing_lines": [190, 191, 192, 195, 197, 198, 211, 213, 214, 227], "excluded_lines": []}, "IssueCreator._add_github_comment": {"executed_lines": [], "summary": {"covered_lines": 0, "num_statements": 5, "percent_covered": 0.0, "percent_covered_display": "0", "missing_lines": 5, "excluded_lines": 0}, "missing_lines": [233, 237, 242, 244, 245], "excluded_lines": []}, "IssueCreator._notify_charlie_linear": {"executed_lines": [], "summary": {"covered_lines": 0, "num_statements": 6, "percent_covered": 0.0, "percent_covered_display": "0", "missing_lines": 6, "excluded_lines": 0}, "missing_lines": [249, 251, 256, 267, 287, 290], "excluded_lines": []}, "IssueCreator._notify_ai_tool": {"executed_lines": [], "summary": {"covered_lines": 0, "num_statements": 4, "percent_covered": 0.0, "percent_covered_display": "0", "missing_lines": 4, "excluded_lines": 0}, "missing_lines": [301, 309, 310, 314], "excluded_lines": []}, "IssueCreator._notify_charlie": {"executed_lines": [], "summary": {"covered_lines": 0, "num_statements": 6, "percent_covered": 0.0, "percent_covered_display": "0", "missing_lines": 6, "excluded_lines": 0}, "missing_lines": [326, 332, 333, 336, 362, 364], "excluded_lines": []}, "IssueCreator._notify_snyk": {"executed_lines": [], "summary": {"covered_lines": 0, "num_statements": 4, "percent_covered": 0.0, "percent_covered_display": "0", "missing_lines": 4, "excluded_lines": 0}, "missing_lines": [376, 380, 381, 386], "excluded_lines": []}, "IssueCreator._notify_azure_sre": {"executed_lines": [], "summary": {"covered_lines": 0, "num_statements": 4, "percent_covered": 0.0, "percent_covered_display": "0", "missing_lines": 4, "excluded_lines": 0}, "missing_lines": [398, 405, 406, 408], "excluded_lines": []}, "IssueCreator._notify_promptless": {"executed_lines": [], "summary": {"covered_lines": 0, "num_statements": 4, "percent_covered": 0.0, "percent_covered_display": "0", "missing_lines": 4, "excluded_lines": 0}, "missing_lines": [420, 426, 427, 429], "excluded_lines": []}, "IssueCreator._notify_testim": {"executed_lines": [], "summary": {"covered_lines": 0, "num_statements": 4, "percent_covered": 0.0, "percent_covered_display": "0", "missing_lines": 4, "excluded_lines": 0}, "missing_lines": [441, 445, 446, 448], "excluded_lines": []}, "IssueCreator._send_slack_notification": {"executed_lines": [], "summary": {"covered_lines": 0, "num_statements": 3, "percent_covered": 0.0, "percent_covered_display": "0", "missing_lines": 3, "excluded_lines": 0}, "missing_lines": [457, 458, 459], "excluded_lines": []}, "IssueCreator._get_team_id": {"executed_lines": [], "summary": {"covered_lines": 0, "num_statements": 2, "percent_covered": 0.0, "percent_covered_display": "0", "missing_lines": 2, "excluded_lines": 0}, "missing_lines": [465, 472], "excluded_lines": []}, "IssueCreator._get_label_ids": {"executed_lines": [], "summary": {"covered_lines": 0, "num_statements": 2, "percent_covered": 0.0, "percent_covered_display": "0", "missing_lines": 2, "excluded_lines": 0}, "missing_lines": [478, 485], "excluded_lines": []}, "run": {"executed_lines": [], "summary": {"covered_lines": 0, "num_statements": 4, "percent_covered": 0.0, "percent_covered_display": "0", "missing_lines": 4, "excluded_lines": 0}, "missing_lines": [491, 492, 493, 494], "excluded_lines": []}, "": {"executed_lines": [1, 6, 7, 8, 9, 10, 11, 14, 15, 16, 17, 18, 19, 20, 21, 24, 25, 26, 27, 28, 29, 32, 33, 38, 87, 119, 188, 229, 247, 292, 320, 371, 393, 415, 436, 455, 461, 474, 489, 497], "summary": {"covered_lines": 38, "num_statements": 38, "percent_covered": 100.0, "percent_covered_display": "100", "missing_lines": 0, "excluded_lines": 4}, "missing_lines": [], "excluded_lines": [497, 499, 521, 522]}}, "classes": {"IssueCreatorInputs": {"executed_lines": [], "summary": {"covered_lines": 0, "num_statements": 0, "percent_covered": 100.0, "percent_covered_display": "100", "missing_lines": 0, "excluded_lines": 0}, "missing_lines": [], "excluded_lines": []}, "IssueCreatorOutputs": {"executed_lines": [], "summary": {"covered_lines": 0, "num_statements": 0, "percent_covered": 100.0, "percent_covered_display": "100", "missing_lines": 0, "excluded_lines": 0}, "missing_lines": [], "excluded_lines": []}, "IssueCreator": {"executed_lines": [], "summary": {"covered_lines":
[...]
_lines": 0, "excluded_lines": 0}, "missing_lines": [], "excluded_lines": []}}, "classes": {"WorkflowEngine": {"executed_lines": [], "summary": {"covered_lines": 0, "num_statements": 73, "percent_covered": 0.0, "percent_covered_display": "0", "missing_lines": 73, "excluded_lines": 0}, "missing_lines": [33, 34, 35, 36, 37, 39, 43, 44, 48, 51, 52, 53, 54, 55, 56, 57, 59, 60, 69, 70, 79, 80, 81, 100, 101, 103, 104, 106, 107, 109, 110, 113, 118, 121, 127, 129, 130, 132, 133, 134, 135, 136, 138, 139, 140, 141, 142, 146, 147, 166, 168, 171, 174, 176, 178, 179, 180, 193, 196, 197, 198, 199, 203, 208, 209, 210, 216, 230, 239, 240, 244, 254, 258], "excluded_lines": []}, "": {"executed_lines": [1, 7, 8, 9, 10, 12, 13, 14, 16, 19, 20, 26, 41, 46, 62, 72, 83, 149, 182, 222, 242, 252, 256], "summary": {"covered_lines": 21, "num_statements": 21, "percent_covered": 100.0, "percent_covered_display": "100", "missing_lines": 0, "excluded_lines": 0}, "missing_lines": [], "excluded_lines": []}}}, "demo_hybrid_templates.py": {"executed_lines": [], "summary": {"covered_lines": 0, "num_statements": 96, "percent_covered": 0.0, "percent_covered_display": "0", "missing_lines": 96, "excluded_lines": 8}, "missing_lines": [7, 8, 9, 10, 13, 15, 17, 19, 20, 23, 25, 26, 29, 30, 31, 33, 36, 37, 39, 40, 41, 42, 43, 44, 45, 46, 49, 50, 52, 53, 54, 55, 58, 59, 61, 62, 63, 64, 65, 66, 67, 68, 69, 72, 73, 76, 81, 82, 83, 84, 85, 86, 87, 90, 91, 93, 99, 100, 101, 102, 103, 106, 107, 109, 110, 111, 114, 118, 121, 125, 128, 132, 133, 134, 137, 138, 141, 142, 143, 146, 147, 148, 150, 151, 152, 153, 154, 155, 156, 157, 159, 161, 162, 165, 207, 208], "excluded_lines": [210, 211, 212, 213, 214, 215, 216, 217], "functions": {"demo_hybrid_templates": {"executed_lines": [], "summary": {"covered_lines": 0, "num_statements": 83, "percent_covered": 0.0, "percent_covered_display": "0", "missing_lines": 83, "excluded_lines": 0}, "missing_lines": [19, 20, 23, 25, 26, 29, 30, 31, 33, 36, 37, 39, 40, 41, 42, 43, 44, 45, 46, 49, 50, 52, 53, 54, 55, 58, 59, 61, 62, 63, 64, 65, 66, 67, 68, 69, 72, 73, 76, 81, 82, 83, 84, 85, 86, 87, 90, 91, 93, 99, 100, 101, 102, 103, 106, 107, 109, 110, 111, 114, 118, 121, 125, 128, 132, 133, 134, 137, 138, 141, 142, 143, 146, 147, 148, 150, 151, 152, 153, 154, 155, 156, 157], "excluded_lines": []}, "demo_template_creation": {"executed_lines": [], "summary": {"covered_lines": 0, "num_statements": 5, "percent_covered": 0.0, "percent_covered_display": "0", "missing_lines": 5, "excluded_lines": 0}, "missing_lines": [161, 162, 165, 207, 208], "excluded_lines": []}, "": {"executed_lines": [], "summary": {"covered_lines": 0, "num_statements": 8, "percent_covered": 0.0, "percent_covered_display": "0", "missing_lines": 8, "excluded_lines": 8}, "missing_lines": [7, 8, 9, 10, 13, 15, 17, 159], "excluded_lines": [210, 211, 212, 213, 214, 215, 216, 217]}}, "classes": {"": {"executed_lines": [], "summary": {"covered_lines": 0, "num_statements": 96, "percent_covered": 0.0, "percent_covered_display": "0", "missing_lines": 96, "excluded_lines": 8}, "missing_lines": [7, 8, 9, 10, 13, 15, 17, 19, 20, 23, 25, 26, 29, 30, 31, 33, 36, 37, 39, 40, 41, 42, 43, 44, 45, 46, 49, 50, 52, 53, 54, 55, 58, 59, 61, 62, 63, 64, 65, 66, 67, 68, 69, 72, 73, 76, 81, 82, 83, 84, 85, 86, 87, 90, 91, 93, 99, 100, 101, 102, 103, 106, 107, 109, 110, 111, 114, 118, 121, 125, 128, 132, 133, 134, 137, 138, 141, 142, 143, 146, 147, 148, 150, 151, 152, 153, 154, 155, 156, 157, 159, 161, 162, 165, 207, 208], "excluded_lines": [210, 211, 212, 213, 214, 215, 216, 217]}}}, "setup.py": {"executed_lines": [], "summary": {"covered_lines": 0, "num_statements": 33, "percent_covered": 0.0, "percent_covered_display": "0", "missing_lines": 33, "excluded_lines": 0}, "missing_lines": [7, 8, 9, 10, 11, 15, 16, 17, 18, 19, 20, 21, 22, 23, 27, 28, 29, 30, 31, 32, 36, 37, 38, 39, 40, 43, 47, 48, 49, 50, 51, 54, 57], "excluded_lines": [], "functions": {"get_version": {"executed_lines": [], "summary": {"covered_lines": 0, "num_statements": 8, "percent_covered": 0.0, "percent_covered_display": "0", "missing_lines": 8, "excluded_lines": 0}, "missing_lines": [16, 17, 18, 19, 20, 21, 22, 23], "excluded_lines": []}, "get_long_description": {"executed_lines": [], "summary": {"covered_lines": 0, "num_statements": 5, "percent_covered": 0.0, "percent_covered_display": "0", "missing_lines": 5, "excluded_lines": 0}, "missing_lines": [28, 29, 30, 31, 32], "excluded_lines": []}, "get_requirements": {"executed_lines": [], "summary": {"covered_lines": 0, "num_statements": 5, "percent_covered": 0.0, "percent_covered_display": "0", "missing_lines": 5, "excluded_lines": 0}, "missing_lines": [37, 38, 39, 40, 43], "excluded_lines": []}, "get_dev_requirements": {"executed_lines": [], "summary": {"covered_lines": 0, "num_statements": 5, "percent_covered": 0.0, "percent_covered_display": "0", "missing_lines": 5, "excluded_lines": 0}, "missing_lines": [48, 49, 50, 51, 54], "excluded_lines": []}, "": {"executed_lines": [], "summary": {"covered_lines": 0, "num_statements": 10, "percent_covered": 0.0, "percent_covered_display": "0", "missing_lines": 10, "excluded_lines": 0}, "missing_lines": [7, 8, 9, 10, 11, 15, 27, 36, 47, 57], "excluded_lines": []}}, "classes": {"": {"executed_lines": [], "summary": {"covered_lines": 0, "num_statements": 33, "percent_covered": 0.0, "percent_covered_display": "0", "missing_lines": 33, "excluded_lines": 0}, "missing_lines": [7, 8, 9, 10, 11, 15, 16, 17, 18, 19, 20, 21, 22, 23, 27, 28, 29, 30, 31, 32, 36, 37, 38, 39, 40, 43, 47, 48, 49, 50, 51, 54, 57], "excluded_lines": []}}}, "templates\\example-hybrid\\enhanced_file_generator.py": {"executed_lines": [1, 5, 6, 7, 8, 9, 11, 12, 14, 27, 28, 30, 35, 44, 50, 57, 69, 73, 104, 126, 152, 177], "summary": {"covered_lines": 18, "num_statements": 104, "percent_covered": 17.307692307692307, "percent_covered_display": "17", "missing_lines": 86, "excluded_lines": 15}, "missing_lines": [15, 16, 17, 18, 19, 20, 21, 22, 23, 24, 25, 31, 32, 33, 37, 38, 39, 40, 41, 42, 46, 48, 52, 54, 55, 60, 61, 62, 63, 64, 65, 66, 67, 71, 77, 78, 79, 81, 82, 83, 86, 87, 90, 91, 94, 95, 98, 99, 100, 102, 108, 109, 110, 111, 112, 113, 114, 115, 116, 117, 120, 121, 122, 124, 129, 131, 132, 133, 135, 136, 138, 139, 140, 141, 143, 144, 145, 146, 147, 148, 150, 154, 155, 156, 158, 160], "excluded_lines": [177, 178, 181, 182, 183, 186, 187, 188, 191, 192, 195, 196, 202, 203, 204], "functions": {"TemplateMetadata.__init__": {"executed_lines": [], "summary": {"covered_lines": 0, "num_statements": 11, "percent_covered": 0.0, "percent_covered_display": "0", "missing_lines": 11, "excluded_lines": 0}, "missing_lines": [15, 16, 17, 18, 19, 20, 21, 22, 23, 24, 25], "excluded_lines": []}, "EnhancedFileGenerator.__init__": {"executed_lines": [], "summary": {"covered_lines": 0, "num_statements": 3, "percent_covered": 0.0, "percent_covered_display": "0", "missing_lines": 3, "excluded_lines": 0}, "missing_lines": [31, 32, 33], "excluded_lines": []}, "EnhancedFileGenerator._load_templates": {"executed_lines": [], "summary": {"covered_lines": 0, "num_statements": 6, "percent_covered": 0.0, "percent_covered_display": "0", "missing_lines": 6, "excluded_lines": 0}, "missing_lines": [37, 38, 39, 40, 41, 42], "excluded_lines": []}, "EnhancedFileGenerator._get_template_key": {"executed_lines": [], "summary": {"covered_lines": 0, "num_statements": 2, "percent_covered": 0.0, "percent_covered_display": "0", "missing_lines": 2, "excluded_lines": 0}, "missing_lines": [46, 48], "excluded_lines": []}, "EnhancedFileGenerator.get_template_file_path": {"executed_lines": [], "summary": {"covered_lines": 0, "num_statements": 3, "percent_covered": 0.0, "percent_covered_display": "0", "missing_lines": 3, "excluded_lines": 0}, "missing_lines": [52, 54, 55], "excluded_lines": []}, "EnhancedFileGenerator.list_templates": {"executed_lines": [], "summary": {"covered_lines": 0, "num_statements": 8, "percent_covered": 0.0, "percent_covered_display": "0", "missing_lines": 8, "excluded_lines": 0}, "missing_lines": [60, 61, 62, 63, 64, 65, 66, 67], "excluded_lines": []}, "EnhancedFileGenerator.get_template_metadata": {"executed_lines": [], "summary": {"covered_lines": 0, "num_statements": 1, "percent_covered": 0.0, "percent_covered_display": "0", "missing_lines": 1, "excluded_lines": 0}, "missing_lines": [71], "excluded_lines": []}, "EnhancedFileGenerator.generate_file": {"executed_lines": [], "summary": {"covered_lines": 0, "num_statements": 16, "percent_covered": 0.0, "percent_covered_display": "0", "missing_lines": 16, "excluded_lines": 0}, "missing_lines": [77, 78, 79, 81, 82, 83, 86, 87, 90, 91, 94, 95, 98, 99, 100, 102], "excluded_lines": []}, "EnhancedFileGenerator._apply_variables": {"executed_lines": [], "summary": {"covered_lines": 0, "num_statements": 14, "percent_covered": 0.0, "percent_covered_display": "0", "missing_lines": 14, "excluded_lines": 0}, "missing_lines": [108, 109, 110, 111, 112, 113, 114, 115, 116, 117, 120, 121, 122, 124], "excluded_lines": []}, "EnhancedFileGenerator._apply_variants": {"executed_lines": [], "summary": {"covered_lines": 0, "num_statements": 17, "percent_covered": 0.0, "percent_covered_display": "0", "missing_lines": 17, "excluded_lines": 0}, "missing_lines": [129, 131, 132, 133, 135, 136, 138, 139, 140, 141, 143, 144, 145, 146, 147, 148, 150], "excluded_lines": []}, "EnhancedFileGenerator.get_template_info": {"executed_lines": [], "summary": {"covered_lines": 0, "num_statements": 5, "percent_covered": 0.0, "percent_covered_display": "0", "missing_lines": 5, "excluded_lines": 0}, "missing_lines": [154, 155, 156, 158, 160], "excluded_lines": []}, "": {"executed_lines": [1, 5, 6, 7, 8, 9, 11, 12, 14, 27, 28, 30, 35, 44, 50, 57, 69, 73, 104, 126, 152, 177], "summary": {"covered_lines": 18, "num_statements": 18, "percent_covered": 100.0, "percent_covered_display": "100", "missing_lines": 0, "excluded_lines": 15}, "missing_lines": [], "excluded_lines": [177, 178, 181, 182, 183, 186, 187, 188, 191, 192, 195, 196, 202, 203, 204]}}, "classes": {"TemplateMetadata": {"executed_lines": [], "summary": {"covered_lines": 0, "num_statements": 11, "percent_covered": 0.0, "percent_covered_display": "0", "missing_lines": 11, "excluded_lines": 0}, "missing_lines": [15, 16, 17, 18, 19, 20, 21, 22, 23, 24, 25], "excluded_lines": []}, "EnhancedFileGenerator": {"executed_lines": [], "summary": {"covered_lines": 0, "num_statements": 75, "percent_covered": 0.0, "percent_covered_display": "0", "missing_lines": 75, "excluded_lines": 0}, "missing_lines": [31, 32, 33, 37, 38, 39, 40, 41, 42, 46, 48, 52, 54, 55, 60, 61, 62, 63, 64, 65, 66, 67, 71, 77, 78, 79, 81, 82, 83, 86, 87, 90, 91, 94, 95, 98, 99, 100, 102, 108, 109, 110, 111, 112, 113, 114, 115, 116, 117, 120, 121, 122, 124, 129, 131, 132, 133, 135, 136, 138, 139, 140, 141, 143, 144, 145, 146, 147, 148, 150, 154, 155, 156, 158, 160], "excluded_lines": []}, "": {"executed_lines": [1, 5, 6, 7, 8, 9, 11, 12, 14, 27, 28, 30, 35, 44, 50, 57, 69, 73, 104, 126, 152, 177], "summary": {"covered_lines": 18, "num_statements": 18, "percent_covered": 100.0, "percent_covered_display": "100", "missing_lines": 0, "excluded_lines": 15}, "missing_lines": [], "excluded_lines": [177, 178, 181, 182, 183, 186, 187, 188, 191, 192, 195, 196, 202, 203, 204]}}}, "templates\\example-hybrid\\test_early_enhanced_file_generator\\__init__.py": {"executed_lines": [0], "summary": {"covered_lines": 0, "num_statements": 0, "percent_covered": 100.0, "percent_covered_display": "100", "missing_lines": 0, "excluded_lines": 0}, "missing_lines": [], "excluded_lines": [], "functions": {"": {"executed_lines": [], "summary": {"covered_lines": 0, "num_statements": 0, "percent_covered": 100.0, "percent_covered_display": "100", "missing_lines": 0, "excluded_lines": 0}, "missing_lines": [], "excluded_lines": []}}, "classes": {"": {"executed_lines": [], "summary": {"covered_lines": 0, "num_statements": 0, "percent_covered": 100.0, "percent_covered_display": "100", "missing_lines": 0, "excluded_lines": 0}, "missing_lines": [], "excluded_lines": []}}}, "templates\\example-hybrid\\test_early_enhanced_file_generator\\test_early___init__.py": {"executed_lines": [1, 7, 8, 11, 12, 15], "summary": {"covered_lines": 5, "num_statements": 117, "percent_covered": 4.273504273504273, "percent_covered_display": "4", "missing_lines": 112, "excluded_lines": 0}, "missing_lines": [16, 20, 33, 34, 35, 36, 37, 38, 39, 40, 41, 42, 43, 44, 46, 47, 51, 52, 53, 54, 55, 56, 57, 58, 59, 60, 61, 62, 63, 65, 66, 70, 71, 72, 73, 74, 75, 76, 77, 78, 79, 80, 81, 82, 86, 87, 91, 104, 105, 106, 107, 108, 109, 110, 111, 112, 113, 114, 115, 117, 118, 122, 123, 124, 125, 126, 127, 128, 129, 130, 131, 132, 133, 134, 136, 137, 141, 154, 155, 156, 157, 158, 159, 160, 161, 162, 163, 164, 165, 167, 168, 172, 185, 186, 187, 188, 189, 190, 191, 192, 193, 194, 195, 196, 198, 199, 203, 204, 205, 206, 207, 208], "excluded_lines": [], "functions": {"TestTemplateMetadataInit.test_full_metadata_initialization": {"executed_lines": [], "summary": {"covered_lines": 0, "num_statements": 13, "percent_covered": 0.0, "percent_covered_display": "0", "missing_lines": 13, "excluded_lines": 0}, "missing_lines": [20, 33, 34, 35, 36, 37, 38, 39, 40, 41, 42, 43, 44], "excluded_lines": []}, "TestTemplateMetadataInit.test_minimal_metadata_initialization": {"executed_lines": [], "summary": {"covered_lines": 0, "num_statements": 13, "percent_covered": 0.0, "percent_covered_display": "0", "missing_lines": 13, "excluded_lines": 0}, "missing_lines": [51, 52, 53, 54, 55, 56, 57, 58, 59, 60, 61, 62, 63], "excluded_lines": []}, "TestTemplateMetadataInit.test_partial_metadata_initialization": {"executed_lines": [], "summary": {"covered_lines": 0, "num_statements": 13, "percent_covered": 0.0, "percent_covered_display": "0", "missing_lines": 13, "excluded_lines": 0}, "missing_lines": [70, 71, 72, 73, 74, 75, 76, 77, 78, 79, 80, 81, 82], "excluded_lines": []}, "TestTemplateMetadataInit.test_metadata_with_none_values": {"executed_lines": [], "summary": {"covered_lines": 0, "num_statements": 13, "percent_covered": 0.0, "percent_covered_display": "0", "missing_lines": 13, "excluded_lines": 0}, "missing_lines": [91, 104, 105, 106, 107, 108, 109, 110, 111, 112, 113, 114, 115], "excluded_lines": []}, "TestTemplateMetadataInit.test_metadata_with_unexpected_extra_keys": {"executed_lines": [], "summary": {"covered_lines": 0, "num_statements": 13, "percent_covered": 0.0, "percent_covered_display": "0", "missing_lines": 13, "excluded_lines": 0}, "missing_lines": [122, 123, 124, 125, 126, 127, 128, 129, 130, 131, 132, 133, 134], "excluded_lines": []}, "TestTemplateMetadataInit.test_metadata_with_wrong_types": {"executed_lines": [], "summary": {"covered_lines": 0, "num_statements": 13, "percent_covered": 0.0, "percent_covered_display": "0", "missing_lines": 13, "excluded_lines": 0}, "missing_lines": [141, 154, 155, 156, 157, 158, 159, 160, 161, 162, 163, 164, 165], "excluded_lines": []}, "TestTemplateMetadataInit.test_metadata_with_empty_strings_and_collections": {"executed_lines": [], "summary": {"covered_lines": 0, "num_statements": 13, "percent_covered": 0.0, "percent_covered_display": "0", "missing_lines": 13, "excluded_lines": 0}, "missing_lines": [172, 185, 186, 187, 188, 189, 190, 191, 192, 193, 194, 195, 196], "excluded_lines": []}, "TestTemplateMetadataInit.test_metadata_with_missing_dict": {"executed_lines": [], "summary": {"covered_lines": 0, "num_statements": 6, "percent_covered": 0.0, "percent_covered_display": "0", "missing_lines": 6, "excluded_lines": 0}, "missing_lines": [203, 204, 205, 206, 207, 208], "excluded_lines": []}, "": {"executed_lines": [1, 7, 8, 11, 12, 15], "summary": {"covered_lines": 5, "num_statements": 20, "percent_covered": 25.0, "percent_covered_display": "25", "missing_lines": 15, "excluded_lines": 0}, "missing_lines": [16, 46, 47, 65, 66, 86, 87, 117, 118, 136, 137, 167, 168, 198, 199], "excluded_lines": []}}, "classes": {"TestTemplateMetadataInit": {"executed_lines": [], "summary": {"covered_lines": 0, "num_statements": 97, "percent_covered": 0.0, "percent_covered_display": "0", "missing_lines": 97, "excluded_lines": 0}, "missing_lines": [20, 33, 34, 35, 36, 37, 38, 39, 40, 41, 42, 43, 44, 51, 52, 53, 54, 55, 56, 57, 58, 59, 60, 61, 62, 63, 70, 71, 72, 73, 74, 75, 76, 77, 78, 79, 80, 81, 82, 91, 104, 105, 106, 107, 108, 109, 110, 111, 112, 113, 114, 115, 122, 123, 124, 125, 126, 127, 128, 129, 130, 131, 132, 133, 134, 141, 154, 155, 156, 157, 158, 159, 160, 161, 162, 163, 164, 165, 172, 185, 186, 187, 188, 189, 190, 191, 192, 193, 194, 195, 196, 203, 204, 205, 206, 207, 208], "excluded_lines": []}, "": {"executed_lines": [1, 7, 8, 11, 12, 15], "summary": {"covered_lines": 5, "num_statements": 20, "percent_covered": 25.0, "percent_covered_display": "25", "missing_lines": 15, "excluded_lines": 0}, "missing_lines": [16, 46, 47, 65, 66, 86, 87, 117, 118, 136, 137, 167, 168, 198, 199], "excluded_lines": []}}}, "test_llm_modular.py": {"executed_lines": [2, 6, 7, 10, 13, 47, 68, 90, 105, 135], "summary": {"covered_lines": 8, "num_statements": 66, "percent_covered": 12.121212121212121, "percent_covered_display": "12", "missing_lines": 58, "excluded_lines": 2}, "missing_lines": [15, 17, 19, 27, 30, 39, 41, 42, 43, 44, 49, 51, 52, 54, 55, 58, 59, 60, 62, 63, 64, 65, 70, 72, 73, 75, 77, 78, 79, 80, 82, 84, 85, 86, 87, 92, 94, 96, 98, 99, 100, 101, 102, 107, 108, 110, 117, 118, 120, 121, 122, 124, 125, 127, 128, 129, 131, 132], "excluded_lines": [135, 136], "functions": {"test_imports": {"executed_lines": [], "summary": {"covered_lines": 0, "num_statements": 10, "percent_covered": 0.0, "percent_covered_display": "0", "missing_lines": 10, "excluded_lines": 0}, "missing_lines": [15, 17, 19, 27, 30, 39, 41, 42, 43, 44], "excluded_lines": []}, "test_manager_creation": {"executed_lines": [], "summary": {"covered_lines": 0, "num_statements": 12, "percent_covered": 0.0, "percent_covered_display": "0", "missing_lines": 12, "excluded_lines": 0}, "missing_lines": [49, 51, 52, 54, 55, 58, 59, 60, 62, 63, 64, 65], "excluded_lines": []}, "test_provider_availability": {"executed_lines": [], "summary": {"covered_lines": 0, "num_statements": 13, "percent_covered": 0.0, "percent_covered_display": "0", "missing_lines": 13, "excluded_lines": 0}, "missing_lines": [70, 72, 73, 75, 77, 78, 79, 80, 82, 84, 85, 86, 87], "excluded_lines": []}, "test_backward_compatibility": {"executed_lines": [], "summary": {"covered_lines": 0, "num_statements": 8, "percent_covered": 0.0, "percent_covered_display": "0", "missing_lines": 8, "excluded_lines": 0}, "missing_lines": [92, 94, 96, 98, 99, 100, 101, 102], "excluded_lines": []}, "main": {"executed_lines": [], "summary": {"covered_lines": 0, "num_statements": 15, "percent_covered": 0.0, "percent_covered_display": "0", "missing_lines": 15, "excluded_lines": 0}, "missing_lines": [107, 108, 110, 117, 118, 120, 121, 122, 124, 125, 127, 128, 129, 131, 132], "excluded_lines": []}, "": {"executed_lines": [2, 6, 7, 10, 13, 47, 68, 90, 105, 135], "summary": {"covered_lines": 8, "num_statements": 8, "percent_covered": 100.0, "percent_covered_display": "100", "missing_lines": 0, "excluded_lines": 2}, "missing_lines": [], "excluded_lines": [135, 136]}}, "classes": {"": {"executed_lines": [2, 6, 7, 10, 13, 47, 68, 90, 105, 135], "summary": {"covered_lines": 8, "num_statements": 66, "percent_covered": 12.121212121212121, "percent_covered_display": "12", "missing_lines": 58, "excluded_lines": 2}, "missing_lines": [15, 17, 19, 27, 30, 39, 41, 42, 43, 44, 49, 51, 52, 54, 55, 58, 59, 60, 62, 63, 64, 65, 70, 72, 73, 75, 77, 78, 79, 80, 82, 84, 85, 86, 87, 92, 94, 96, 98, 99, 100, 101, 102, 107, 108, 110, 117, 118, 120, 121, 122, 124, 125, 127, 128, 129, 131, 132], "excluded_lines": [135, 136]}}}}, "totals": {"covered_lines": 1414, "num_statements": 6317, "percent_covered": 22.384043058413805, "percent_covered_display": "22", "missing_lines": 4903, "excluded_lines": 347}}